<?xml version="1.0" encoding="UTF-8"?>
<!DOCTYPE coverage SYSTEM "http://cobertura.sourceforge.net/xml/coverage-04.dtd">
<coverage line-rate="0.6035951" branch-rate="0" version="" timestamp="1740063206006" lines-covered="638" lines-valid="1057" branches-covered="0" branches-valid="0" complexity="0">
  <sources>
    <source>/home/runner/work/locksmith/locksmith</source>
  </sources>
  <packages>
    <package name="github.com/insightsengineering/locksmith/cmd" line-rate="0.6053131" branch-rate="0" complexity="0">
      <classes>
        <class name="-" filename="cmd/construct.go" line-rate="0.8853211" branch-rate="0" complexity="0">
          <methods>
            <method name="ConstructOutputPackageList" signature="" line-rate="0.78431374" branch-rate="0" complexity="0">
              <lines>
                <line number="33" hits="1"></line>
                <line number="34" hits="1"></line>
                <line number="35" hits="1"></line>
                <line number="36" hits="1"></line>
                <line number="37" hits="1"></line>
                <line number="38" hits="1"></line>
                <line number="39" hits="2"></line>
                <line number="40" hits="2"></line>
                <line number="41" hits="2"></line>
                <line number="42" hits="2"></line>
                <line number="43" hits="2"></line>
                <line number="44" hits="2"></line>
                <line number="45" hits="1"></line>
                <line number="46" hits="2"></line>
                <line number="47" hits="14"></line>
                <line number="48" hits="14"></line>
                <line number="49" hits="14"></line>
                <line number="50" hits="10"></line>
                <line number="51" hits="10"></line>
                <line number="52" hits="10"></line>
                <line number="53" hits="10"></line>
                <line number="54" hits="10"></line>
                <line number="55" hits="10"></line>
                <line number="56" hits="10"></line>
                <line number="57" hits="10"></line>
                <line number="58" hits="10"></line>
                <line number="62" hits="1"></line>
                <line number="63" hits="1"></line>
                <line number="64" hits="2"></line>
                <line number="65" hits="1"></line>
                <line number="66" hits="1"></line>
                <line number="67" hits="1"></line>
                <line number="68" hits="1"></line>
                <line number="69" hits="1"></line>
                <line number="70" hits="2"></line>
                <line number="72" hits="1"></line>
                <line number="73" hits="1"></line>
                <line number="74" hits="1"></line>
                <line number="75" hits="1"></line>
                <line number="76" hits="0"></line>
                <line number="77" hits="0"></line>
                <line number="78" hits="0"></line>
                <line number="79" hits="0"></line>
                <line number="80" hits="0"></line>
                <line number="81" hits="0"></line>
                <line number="82" hits="0"></line>
                <line number="83" hits="0"></line>
                <line number="85" hits="0"></line>
                <line number="86" hits="0"></line>
                <line number="87" hits="0"></line>
                <line number="88" hits="1"></line>
              </lines>
            </method>
            <method name="ResolveDependenciesRecursively" signature="" line-rate="1" branch-rate="0" complexity="0">
              <lines>
                <line number="100" hits="16"></line>
                <line number="101" hits="16"></line>
                <line number="102" hits="16"></line>
                <line number="103" hits="24"></line>
                <line number="104" hits="24"></line>
                <line number="105" hits="16"></line>
                <line number="106" hits="16"></line>
                <line number="107" hits="29"></line>
                <line number="108" hits="29"></line>
                <line number="109" hits="16"></line>
                <line number="110" hits="8"></line>
                <line number="111" hits="8"></line>
                <line number="112" hits="8"></line>
                <line number="114" hits="2"></line>
                <line number="115" hits="2"></line>
                <line number="116" hits="2"></line>
                <line number="117" hits="2"></line>
                <line number="118" hits="2"></line>
                <line number="119" hits="2"></line>
                <line number="120" hits="2"></line>
                <line number="121" hits="2"></line>
                <line number="122" hits="2"></line>
                <line number="127" hits="14"></line>
                <line number="128" hits="14"></line>
                <line number="129" hits="14"></line>
                <line number="130" hits="14"></line>
                <line number="131" hits="9"></line>
                <line number="132" hits="9"></line>
                <line number="133" hits="8"></line>
                <line number="134" hits="8"></line>
                <line number="135" hits="6"></line>
                <line number="136" hits="6"></line>
                <line number="137" hits="6"></line>
                <line number="138" hits="6"></line>
                <line number="139" hits="6"></line>
                <line number="140" hits="6"></line>
                <line number="141" hits="6"></line>
                <line number="142" hits="6"></line>
                <line number="143" hits="6"></line>
                <line number="144" hits="6"></line>
                <line number="145" hits="6"></line>
                <line number="146" hits="6"></line>
                <line number="150" hits="14"></line>
                <line number="154" hits="2"></line>
                <line number="155" hits="2"></line>
                <line number="156" hits="2"></line>
                <line number="157" hits="2"></line>
                <line number="158" hits="2"></line>
              </lines>
            </method>
            <method name="ProcessMissingPackage" signature="" line-rate="0.71428573" branch-rate="0" complexity="0">
              <lines>
                <line number="169" hits="2"></line>
                <line number="170" hits="2"></line>
                <line number="171" hits="1"></line>
                <line number="172" hits="1"></line>
                <line number="173" hits="1"></line>
                <line number="174" hits="1"></line>
                <line number="175" hits="1"></line>
                <line number="176" hits="1"></line>
                <line number="177" hits="2"></line>
                <line number="178" hits="2"></line>
                <line number="179" hits="2"></line>
                <line number="180" hits="2"></line>
                <line number="181" hits="2"></line>
                <line number="182" hits="2"></line>
                <line number="183" hits="2"></line>
                <line number="184" hits="2"></line>
                <line number="185" hits="2"></line>
                <line number="186" hits="2"></line>
                <line number="187" hits="2"></line>
                <line number="188" hits="2"></line>
                <line number="189" hits="0"></line>
                <line number="190" hits="0"></line>
                <line number="191" hits="0"></line>
                <line number="192" hits="0"></line>
                <line number="193" hits="0"></line>
                <line number="194" hits="0"></line>
                <line number="195" hits="0"></line>
                <line number="196" hits="0"></line>
              </lines>
            </method>
            <method name="CheckIfBasePackage" signature="" line-rate="1" branch-rate="0" complexity="0">
              <lines>
                <line number="203" hits="22"></line>
                <line number="204" hits="22"></line>
                <line number="205" hits="22"></line>
                <line number="206" hits="22"></line>
                <line number="207" hits="22"></line>
                <line number="208" hits="22"></line>
                <line number="209" hits="22"></line>
                <line number="210" hits="22"></line>
              </lines>
            </method>
            <method name="CheckIfSkipDependency" signature="" line-rate="0.92105263" branch-rate="0" complexity="0">
              <lines>
                <line number="217" hits="22"></line>
                <line number="218" hits="3"></line>
                <line number="219" hits="3"></line>
                <line number="220" hits="3"></line>
                <line number="221" hits="3"></line>
                <line number="225" hits="19"></line>
                <line number="226" hits="4"></line>
                <line number="227" hits="4"></line>
                <line number="228" hits="3"></line>
                <line number="229" hits="3"></line>
                <line number="230" hits="0"></line>
                <line number="231" hits="0"></line>
                <line number="232" hits="0"></line>
                <line number="233" hits="3"></line>
                <line number="234" hits="3"></line>
                <line number="235" hits="3"></line>
                <line number="236" hits="3"></line>
                <line number="237" hits="3"></line>
                <line number="238" hits="3"></line>
                <line number="239" hits="3"></line>
                <line number="240" hits="3"></line>
                <line number="242" hits="1"></line>
                <line number="243" hits="1"></line>
                <line number="244" hits="1"></line>
                <line number="245" hits="1"></line>
                <line number="246" hits="1"></line>
                <line number="247" hits="1"></line>
                <line number="248" hits="1"></line>
                <line number="249" hits="1"></line>
                <line number="250" hits="1"></line>
                <line number="251" hits="1"></line>
                <line number="252" hits="1"></line>
                <line number="253" hits="1"></line>
                <line number="254" hits="1"></line>
                <line number="255" hits="1"></line>
                <line number="256" hits="1"></line>
                <line number="257" hits="1"></line>
                <line number="261" hits="15"></line>
              </lines>
            </method>
            <method name="splitVersion" signature="" line-rate="1" branch-rate="0" complexity="0">
              <lines>
                <line number="264" hits="678"></line>
                <line number="265" hits="678"></line>
                <line number="266" hits="678"></line>
              </lines>
            </method>
            <method name="CheckIfVersionSufficient" signature="" line-rate="0.9285714" branch-rate="0" complexity="0">
              <lines>
                <line number="271" hits="91"></line>
                <line number="272" hits="91"></line>
                <line number="273" hits="10"></line>
                <line number="274" hits="10"></line>
                <line number="275" hits="10"></line>
                <line number="278" hits="81"></line>
                <line number="279" hits="81"></line>
                <line number="280" hits="81"></line>
                <line number="281" hits="81"></line>
                <line number="282" hits="81"></line>
                <line number="283" hits="31"></line>
                <line number="284" hits="31"></line>
                <line number="285" hits="35"></line>
                <line number="286" hits="35"></line>
                <line number="288" hits="23"></line>
                <line number="289" hits="23"></line>
                <line number="290" hits="27"></line>
                <line number="291" hits="27"></line>
                <line number="294" hits="81"></line>
                <line number="295" hits="81"></line>
                <line number="296" hits="81"></line>
                <line number="297" hits="81"></line>
                <line number="298" hits="81"></line>
                <line number="299" hits="81"></line>
                <line number="300" hits="81"></line>
                <line number="301" hits="185"></line>
                <line number="302" hits="185"></line>
                <line number="303" hits="40"></line>
                <line number="304" hits="40"></line>
                <line number="305" hits="40"></line>
                <line number="306" hits="33"></line>
                <line number="307" hits="33"></line>
                <line number="308" hits="33"></line>
                <line number="309" hits="8"></line>
                <line number="310" hits="8"></line>
                <line number="311" hits="8"></line>
                <line number="313" hits="81"></line>
                <line number="314" hits="81"></line>
                <line number="318" hits="0"></line>
                <line number="319" hits="0"></line>
                <line number="320" hits="0"></line>
                <line number="321" hits="81"></line>
              </lines>
            </method>
          </methods>
          <lines>
            <line number="33" hits="1"></line>
            <line number="34" hits="1"></line>
            <line number="35" hits="1"></line>
            <line number="36" hits="1"></line>
            <line number="37" hits="1"></line>
            <line number="38" hits="1"></line>
            <line number="39" hits="2"></line>
            <line number="40" hits="2"></line>
            <line number="41" hits="2"></line>
            <line number="42" hits="2"></line>
            <line number="43" hits="2"></line>
            <line number="44" hits="2"></line>
            <line number="45" hits="1"></line>
            <line number="46" hits="2"></line>
            <line number="47" hits="14"></line>
            <line number="48" hits="14"></line>
            <line number="49" hits="14"></line>
            <line number="50" hits="10"></line>
            <line number="51" hits="10"></line>
            <line number="52" hits="10"></line>
            <line number="53" hits="10"></line>
            <line number="54" hits="10"></line>
            <line number="55" hits="10"></line>
            <line number="56" hits="10"></line>
            <line number="57" hits="10"></line>
            <line number="58" hits="10"></line>
            <line number="62" hits="1"></line>
            <line number="63" hits="1"></line>
            <line number="64" hits="2"></line>
            <line number="65" hits="1"></line>
            <line number="66" hits="1"></line>
            <line number="67" hits="1"></line>
            <line number="68" hits="1"></line>
            <line number="69" hits="1"></line>
            <line number="70" hits="2"></line>
            <line number="72" hits="1"></line>
            <line number="73" hits="1"></line>
            <line number="74" hits="1"></line>
            <line number="75" hits="1"></line>
            <line number="76" hits="0"></line>
            <line number="77" hits="0"></line>
            <line number="78" hits="0"></line>
            <line number="79" hits="0"></line>
            <line number="80" hits="0"></line>
            <line number="81" hits="0"></line>
            <line number="82" hits="0"></line>
            <line number="83" hits="0"></line>
            <line number="85" hits="0"></line>
            <line number="86" hits="0"></line>
            <line number="87" hits="0"></line>
            <line number="88" hits="1"></line>
            <line number="100" hits="16"></line>
            <line number="101" hits="16"></line>
            <line number="102" hits="16"></line>
            <line number="103" hits="24"></line>
            <line number="104" hits="24"></line>
            <line number="105" hits="16"></line>
            <line number="106" hits="16"></line>
            <line number="107" hits="29"></line>
            <line number="108" hits="29"></line>
            <line number="109" hits="16"></line>
            <line number="110" hits="8"></line>
            <line number="111" hits="8"></line>
            <line number="112" hits="8"></line>
            <line number="114" hits="2"></line>
            <line number="115" hits="2"></line>
            <line number="116" hits="2"></line>
            <line number="117" hits="2"></line>
            <line number="118" hits="2"></line>
            <line number="119" hits="2"></line>
            <line number="120" hits="2"></line>
            <line number="121" hits="2"></line>
            <line number="122" hits="2"></line>
            <line number="127" hits="14"></line>
            <line number="128" hits="14"></line>
            <line number="129" hits="14"></line>
            <line number="130" hits="14"></line>
            <line number="131" hits="9"></line>
            <line number="132" hits="9"></line>
            <line number="133" hits="8"></line>
            <line number="134" hits="8"></line>
            <line number="135" hits="6"></line>
            <line number="136" hits="6"></line>
            <line number="137" hits="6"></line>
            <line number="138" hits="6"></line>
            <line number="139" hits="6"></line>
            <line number="140" hits="6"></line>
            <line number="141" hits="6"></line>
            <line number="142" hits="6"></line>
            <line number="143" hits="6"></line>
            <line number="144" hits="6"></line>
            <line number="145" hits="6"></line>
            <line number="146" hits="6"></line>
            <line number="150" hits="14"></line>
            <line number="154" hits="2"></line>
            <line number="155" hits="2"></line>
            <line number="156" hits="2"></line>
            <line number="157" hits="2"></line>
            <line number="158" hits="2"></line>
            <line number="169" hits="2"></line>
            <line number="170" hits="2"></line>
            <line number="171" hits="1"></line>
            <line number="172" hits="1"></line>
            <line number="173" hits="1"></line>
            <line number="174" hits="1"></line>
            <line number="175" hits="1"></line>
            <line number="176" hits="1"></line>
            <line number="177" hits="2"></line>
            <line number="178" hits="2"></line>
            <line number="179" hits="2"></line>
            <line number="180" hits="2"></line>
            <line number="181" hits="2"></line>
            <line number="182" hits="2"></line>
            <line number="183" hits="2"></line>
            <line number="184" hits="2"></line>
            <line number="185" hits="2"></line>
            <line number="186" hits="2"></line>
            <line number="187" hits="2"></line>
            <line number="188" hits="2"></line>
            <line number="189" hits="0"></line>
            <line number="190" hits="0"></line>
            <line number="191" hits="0"></line>
            <line number="192" hits="0"></line>
            <line number="193" hits="0"></line>
            <line number="194" hits="0"></line>
            <line number="195" hits="0"></line>
            <line number="196" hits="0"></line>
            <line number="203" hits="22"></line>
            <line number="204" hits="22"></line>
            <line number="205" hits="22"></line>
            <line number="206" hits="22"></line>
            <line number="207" hits="22"></line>
            <line number="208" hits="22"></line>
            <line number="209" hits="22"></line>
            <line number="210" hits="22"></line>
            <line number="217" hits="22"></line>
            <line number="218" hits="3"></line>
            <line number="219" hits="3"></line>
            <line number="220" hits="3"></line>
            <line number="221" hits="3"></line>
            <line number="225" hits="19"></line>
            <line number="226" hits="4"></line>
            <line number="227" hits="4"></line>
            <line number="228" hits="3"></line>
            <line number="229" hits="3"></line>
            <line number="230" hits="0"></line>
            <line number="231" hits="0"></line>
            <line number="232" hits="0"></line>
            <line number="233" hits="3"></line>
            <line number="234" hits="3"></line>
            <line number="235" hits="3"></line>
            <line number="236" hits="3"></line>
            <line number="237" hits="3"></line>
            <line number="238" hits="3"></line>
            <line number="239" hits="3"></line>
            <line number="240" hits="3"></line>
            <line number="242" hits="1"></line>
            <line number="243" hits="1"></line>
            <line number="244" hits="1"></line>
            <line number="245" hits="1"></line>
            <line number="246" hits="1"></line>
            <line number="247" hits="1"></line>
            <line number="248" hits="1"></line>
            <line number="249" hits="1"></line>
            <line number="250" hits="1"></line>
            <line number="251" hits="1"></line>
            <line number="252" hits="1"></line>
            <line number="253" hits="1"></line>
            <line number="254" hits="1"></line>
            <line number="255" hits="1"></line>
            <line number="256" hits="1"></line>
            <line number="257" hits="1"></line>
            <line number="261" hits="15"></line>
            <line number="264" hits="678"></line>
            <line number="265" hits="678"></line>
            <line number="266" hits="678"></line>
            <line number="271" hits="91"></line>
            <line number="272" hits="91"></line>
            <line number="273" hits="10"></line>
            <line number="274" hits="10"></line>
            <line number="275" hits="10"></line>
            <line number="278" hits="81"></line>
            <line number="279" hits="81"></line>
            <line number="280" hits="81"></line>
            <line number="281" hits="81"></line>
            <line number="282" hits="81"></line>
            <line number="283" hits="31"></line>
            <line number="284" hits="31"></line>
            <line number="285" hits="35"></line>
            <line number="286" hits="35"></line>
            <line number="288" hits="23"></line>
            <line number="289" hits="23"></line>
            <line number="290" hits="27"></line>
            <line number="291" hits="27"></line>
            <line number="294" hits="81"></line>
            <line number="295" hits="81"></line>
            <line number="296" hits="81"></line>
            <line number="297" hits="81"></line>
            <line number="298" hits="81"></line>
            <line number="299" hits="81"></line>
            <line number="300" hits="81"></line>
            <line number="301" hits="185"></line>
            <line number="302" hits="185"></line>
            <line number="303" hits="40"></line>
            <line number="304" hits="40"></line>
            <line number="305" hits="40"></line>
            <line number="306" hits="33"></line>
            <line number="307" hits="33"></line>
            <line number="308" hits="33"></line>
            <line number="309" hits="8"></line>
            <line number="310" hits="8"></line>
            <line number="311" hits="8"></line>
            <line number="313" hits="81"></line>
            <line number="314" hits="81"></line>
            <line number="318" hits="0"></line>
            <line number="319" hits="0"></line>
            <line number="320" hits="0"></line>
            <line number="321" hits="81"></line>
          </lines>
        </class>
        <class name="-" filename="cmd/download.go" line-rate="0.75141245" branch-rate="0" complexity="0">
          <methods>
            <method name="DownloadTextFile" signature="" line-rate="0" branch-rate="0" complexity="0">
              <lines>
                <line number="52" hits="0"></line>
                <line number="53" hits="0"></line>
                <line number="54" hits="0"></line>
                <line number="55" hits="0"></line>
                <line number="56" hits="0"></line>
                <line number="57" hits="0"></line>
                <line number="58" hits="0"></line>
                <line number="59" hits="0"></line>
                <line number="61" hits="0"></line>
                <line number="62" hits="0"></line>
                <line number="63" hits="0"></line>
                <line number="65" hits="0"></line>
                <line number="66" hits="0"></line>
                <line number="67" hits="0"></line>
                <line number="68" hits="0"></line>
                <line number="69" hits="0"></line>
                <line number="70" hits="0"></line>
                <line number="71" hits="0"></line>
                <line number="72" hits="0"></line>
                <line number="73" hits="0"></line>
                <line number="75" hits="0"></line>
                <line number="77" hits="0"></line>
              </lines>
            </method>
            <method name="GetGitLabProjectAndSha" signature="" line-rate="0.8333333" branch-rate="0" complexity="0">
              <lines>
                <line number="84" hits="5"></line>
                <line number="85" hits="5"></line>
                <line number="86" hits="5"></line>
                <line number="87" hits="5"></line>
                <line number="88" hits="5"></line>
                <line number="89" hits="5"></line>
                <line number="90" hits="5"></line>
                <line number="91" hits="5"></line>
                <line number="92" hits="5"></line>
                <line number="93" hits="5"></line>
                <line number="94" hits="5"></line>
                <line number="95" hits="5"></line>
                <line number="96" hits="0"></line>
                <line number="97" hits="0"></line>
                <line number="98" hits="0"></line>
                <line number="99" hits="5"></line>
                <line number="100" hits="5"></line>
                <line number="101" hits="3"></line>
                <line number="102" hits="3"></line>
                <line number="103" hits="3"></line>
                <line number="104" hits="2"></line>
                <line number="105" hits="2"></line>
                <line number="106" hits="2"></line>
                <line number="107" hits="2"></line>
                <line number="108" hits="5"></line>
                <line number="109" hits="5"></line>
                <line number="110" hits="5"></line>
                <line number="111" hits="5"></line>
                <line number="112" hits="5"></line>
                <line number="113" hits="5"></line>
                <line number="114" hits="5"></line>
                <line number="115" hits="0"></line>
                <line number="116" hits="0"></line>
                <line number="117" hits="0"></line>
                <line number="118" hits="5"></line>
                <line number="119" hits="5"></line>
              </lines>
            </method>
            <method name="GetGitHubSha" signature="" line-rate="0.88" branch-rate="0" complexity="0">
              <lines>
                <line number="124" hits="5"></line>
                <line number="125" hits="5"></line>
                <line number="126" hits="5"></line>
                <line number="127" hits="5"></line>
                <line number="128" hits="5"></line>
                <line number="129" hits="3"></line>
                <line number="130" hits="3"></line>
                <line number="131" hits="3"></line>
                <line number="132" hits="3"></line>
                <line number="133" hits="2"></line>
                <line number="134" hits="2"></line>
                <line number="135" hits="2"></line>
                <line number="136" hits="2"></line>
                <line number="137" hits="5"></line>
                <line number="138" hits="5"></line>
                <line number="139" hits="5"></line>
                <line number="140" hits="5"></line>
                <line number="141" hits="5"></line>
                <line number="142" hits="5"></line>
                <line number="143" hits="5"></line>
                <line number="144" hits="0"></line>
                <line number="145" hits="0"></line>
                <line number="146" hits="0"></line>
                <line number="147" hits="5"></line>
                <line number="148" hits="5"></line>
              </lines>
            </method>
            <method name="ProcessDescriptionURL" signature="" line-rate="0.8666667" branch-rate="0" complexity="0">
              <lines>
                <line number="155" hits="10"></line>
                <line number="156" hits="10"></line>
                <line number="157" hits="10"></line>
                <line number="158" hits="10"></line>
                <line number="159" hits="5"></line>
                <line number="160" hits="5"></line>
                <line number="161" hits="5"></line>
                <line number="162" hits="0"></line>
                <line number="163" hits="0"></line>
                <line number="164" hits="0"></line>
                <line number="165" hits="5"></line>
                <line number="166" hits="5"></line>
                <line number="167" hits="5"></line>
                <line number="168" hits="5"></line>
                <line number="169" hits="5"></line>
                <line number="170" hits="5"></line>
                <line number="171" hits="5"></line>
                <line number="172" hits="5"></line>
                <line number="173" hits="5"></line>
                <line number="174" hits="5"></line>
                <line number="175" hits="5"></line>
                <line number="176" hits="5"></line>
                <line number="177" hits="5"></line>
                <line number="179" hits="5"></line>
                <line number="180" hits="5"></line>
                <line number="181" hits="5"></line>
                <line number="182" hits="5"></line>
                <line number="183" hits="5"></line>
                <line number="184" hits="0"></line>
                <line number="185" hits="0"></line>
                <line number="186" hits="0"></line>
                <line number="187" hits="5"></line>
                <line number="188" hits="5"></line>
                <line number="189" hits="5"></line>
                <line number="190" hits="5"></line>
                <line number="191" hits="5"></line>
                <line number="192" hits="5"></line>
                <line number="193" hits="5"></line>
                <line number="194" hits="5"></line>
                <line number="195" hits="3"></line>
                <line number="196" hits="3"></line>
                <line number="197" hits="3"></line>
                <line number="198" hits="3"></line>
                <line number="199" hits="5"></line>
                <line number="201" hits="10"></line>
              </lines>
            </method>
            <method name="DownloadDescriptionFiles" signature="" line-rate="0.7407407" branch-rate="0" complexity="0">
              <lines>
                <line number="208" hits="1"></line>
                <line number="209" hits="1"></line>
                <line number="210" hits="1"></line>
                <line number="211" hits="10"></line>
                <line number="212" hits="10"></line>
                <line number="213" hits="10"></line>
                <line number="214" hits="10"></line>
                <line number="215" hits="10"></line>
                <line number="216" hits="10"></line>
                <line number="217" hits="10"></line>
                <line number="218" hits="10"></line>
                <line number="219" hits="10"></line>
                <line number="220" hits="10"></line>
                <line number="221" hits="10"></line>
                <line number="222" hits="10"></line>
                <line number="223" hits="10"></line>
                <line number="224" hits="10"></line>
                <line number="225" hits="10"></line>
                <line number="226" hits="10"></line>
                <line number="227" hits="0"></line>
                <line number="228" hits="0"></line>
                <line number="229" hits="0"></line>
                <line number="230" hits="0"></line>
                <line number="231" hits="0"></line>
                <line number="232" hits="0"></line>
                <line number="233" hits="0"></line>
                <line number="235" hits="1"></line>
              </lines>
            </method>
            <method name="GetPackagesFileContent" signature="" line-rate="1" branch-rate="0" complexity="0">
              <lines>
                <line number="241" hits="6"></line>
                <line number="242" hits="6"></line>
                <line number="243" hits="1"></line>
                <line number="244" hits="1"></line>
                <line number="245" hits="1"></line>
                <line number="246" hits="1"></line>
                <line number="247" hits="1"></line>
                <line number="248" hits="5"></line>
                <line number="249" hits="5"></line>
                <line number="250" hits="6"></line>
                <line number="251" hits="6"></line>
                <line number="252" hits="5"></line>
                <line number="253" hits="5"></line>
                <line number="254" hits="5"></line>
                <line number="255" hits="1"></line>
                <line number="256" hits="1"></line>
              </lines>
            </method>
            <method name="DownloadPackagesFiles" signature="" line-rate="1" branch-rate="0" complexity="0">
              <lines>
                <line number="263" hits="1"></line>
                <line number="264" hits="1"></line>
                <line number="265" hits="1"></line>
                <line number="266" hits="3"></line>
                <line number="267" hits="3"></line>
                <line number="268" hits="1"></line>
              </lines>
            </method>
          </methods>
          <lines>
            <line number="52" hits="0"></line>
            <line number="53" hits="0"></line>
            <line number="54" hits="0"></line>
            <line number="55" hits="0"></line>
            <line number="56" hits="0"></line>
            <line number="57" hits="0"></line>
            <line number="58" hits="0"></line>
            <line number="59" hits="0"></line>
            <line number="61" hits="0"></line>
            <line number="62" hits="0"></line>
            <line number="63" hits="0"></line>
            <line number="65" hits="0"></line>
            <line number="66" hits="0"></line>
            <line number="67" hits="0"></line>
            <line number="68" hits="0"></line>
            <line number="69" hits="0"></line>
            <line number="70" hits="0"></line>
            <line number="71" hits="0"></line>
            <line number="72" hits="0"></line>
            <line number="73" hits="0"></line>
            <line number="75" hits="0"></line>
            <line number="77" hits="0"></line>
            <line number="84" hits="5"></line>
            <line number="85" hits="5"></line>
            <line number="86" hits="5"></line>
            <line number="87" hits="5"></line>
            <line number="88" hits="5"></line>
            <line number="89" hits="5"></line>
            <line number="90" hits="5"></line>
            <line number="91" hits="5"></line>
            <line number="92" hits="5"></line>
            <line number="93" hits="5"></line>
            <line number="94" hits="5"></line>
            <line number="95" hits="5"></line>
            <line number="96" hits="0"></line>
            <line number="97" hits="0"></line>
            <line number="98" hits="0"></line>
            <line number="99" hits="5"></line>
            <line number="100" hits="5"></line>
            <line number="101" hits="3"></line>
            <line number="102" hits="3"></line>
            <line number="103" hits="3"></line>
            <line number="104" hits="2"></line>
            <line number="105" hits="2"></line>
            <line number="106" hits="2"></line>
            <line number="107" hits="2"></line>
            <line number="108" hits="5"></line>
            <line number="109" hits="5"></line>
            <line number="110" hits="5"></line>
            <line number="111" hits="5"></line>
            <line number="112" hits="5"></line>
            <line number="113" hits="5"></line>
            <line number="114" hits="5"></line>
            <line number="115" hits="0"></line>
            <line number="116" hits="0"></line>
            <line number="117" hits="0"></line>
            <line number="118" hits="5"></line>
            <line number="119" hits="5"></line>
            <line number="124" hits="5"></line>
            <line number="125" hits="5"></line>
            <line number="126" hits="5"></line>
            <line number="127" hits="5"></line>
            <line number="128" hits="5"></line>
            <line number="129" hits="3"></line>
            <line number="130" hits="3"></line>
            <line number="131" hits="3"></line>
            <line number="132" hits="3"></line>
            <line number="133" hits="2"></line>
            <line number="134" hits="2"></line>
            <line number="135" hits="2"></line>
            <line number="136" hits="2"></line>
            <line number="137" hits="5"></line>
            <line number="138" hits="5"></line>
            <line number="139" hits="5"></line>
            <line number="140" hits="5"></line>
            <line number="141" hits="5"></line>
            <line number="142" hits="5"></line>
            <line number="143" hits="5"></line>
            <line number="144" hits="0"></line>
            <line number="145" hits="0"></line>
            <line number="146" hits="0"></line>
            <line number="147" hits="5"></line>
            <line number="148" hits="5"></line>
            <line number="155" hits="10"></line>
            <line number="156" hits="10"></line>
            <line number="157" hits="10"></line>
            <line number="158" hits="10"></line>
            <line number="159" hits="5"></line>
            <line number="160" hits="5"></line>
            <line number="161" hits="5"></line>
            <line number="162" hits="0"></line>
            <line number="163" hits="0"></line>
            <line number="164" hits="0"></line>
            <line number="165" hits="5"></line>
            <line number="166" hits="5"></line>
            <line number="167" hits="5"></line>
            <line number="168" hits="5"></line>
            <line number="169" hits="5"></line>
            <line number="170" hits="5"></line>
            <line number="171" hits="5"></line>
            <line number="172" hits="5"></line>
            <line number="173" hits="5"></line>
            <line number="174" hits="5"></line>
            <line number="175" hits="5"></line>
            <line number="176" hits="5"></line>
            <line number="177" hits="5"></line>
            <line number="179" hits="5"></line>
            <line number="180" hits="5"></line>
            <line number="181" hits="5"></line>
            <line number="182" hits="5"></line>
            <line number="183" hits="5"></line>
            <line number="184" hits="0"></line>
            <line number="185" hits="0"></line>
            <line number="186" hits="0"></line>
            <line number="187" hits="5"></line>
            <line number="188" hits="5"></line>
            <line number="189" hits="5"></line>
            <line number="190" hits="5"></line>
            <line number="191" hits="5"></line>
            <line number="192" hits="5"></line>
            <line number="193" hits="5"></line>
            <line number="194" hits="5"></line>
            <line number="195" hits="3"></line>
            <line number="196" hits="3"></line>
            <line number="197" hits="3"></line>
            <line number="198" hits="3"></line>
            <line number="199" hits="5"></line>
            <line number="201" hits="10"></line>
            <line number="208" hits="1"></line>
            <line number="209" hits="1"></line>
            <line number="210" hits="1"></line>
            <line number="211" hits="10"></line>
            <line number="212" hits="10"></line>
            <line number="213" hits="10"></line>
            <line number="214" hits="10"></line>
            <line number="215" hits="10"></line>
            <line number="216" hits="10"></line>
            <line number="217" hits="10"></line>
            <line number="218" hits="10"></line>
            <line number="219" hits="10"></line>
            <line number="220" hits="10"></line>
            <line number="221" hits="10"></line>
            <line number="222" hits="10"></line>
            <line number="223" hits="10"></line>
            <line number="224" hits="10"></line>
            <line number="225" hits="10"></line>
            <line number="226" hits="10"></line>
            <line number="227" hits="0"></line>
            <line number="228" hits="0"></line>
            <line number="229" hits="0"></line>
            <line number="230" hits="0"></line>
            <line number="231" hits="0"></line>
            <line number="232" hits="0"></line>
            <line number="233" hits="0"></line>
            <line number="235" hits="1"></line>
            <line number="241" hits="6"></line>
            <line number="242" hits="6"></line>
            <line number="243" hits="1"></line>
            <line number="244" hits="1"></line>
            <line number="245" hits="1"></line>
            <line number="246" hits="1"></line>
            <line number="247" hits="1"></line>
            <line number="248" hits="5"></line>
            <line number="249" hits="5"></line>
            <line number="250" hits="6"></line>
            <line number="251" hits="6"></line>
            <line number="252" hits="5"></line>
            <line number="253" hits="5"></line>
            <line number="254" hits="5"></line>
            <line number="255" hits="1"></line>
            <line number="256" hits="1"></line>
            <line number="263" hits="1"></line>
            <line number="264" hits="1"></line>
            <line number="265" hits="1"></line>
            <line number="266" hits="3"></line>
            <line number="267" hits="3"></line>
            <line number="268" hits="1"></line>
          </lines>
        </class>
        <class name="-" filename="cmd/parse.go" line-rate="0.9137931" branch-rate="0" complexity="0">
          <methods>
            <method name="ParseDescriptionFileList" signature="" line-rate="1" branch-rate="0" complexity="0">
              <lines>
                <line number="27" hits="1"></line>
                <line number="28" hits="1"></line>
                <line number="29" hits="1"></line>
                <line number="30" hits="2"></line>
                <line number="31" hits="2"></line>
                <line number="32" hits="1"></line>
              </lines>
            </method>
            <method name="ParsePackagesFiles" signature="" line-rate="0" branch-rate="0" complexity="0">
              <lines>
                <line number="36" hits="0"></line>
                <line number="37" hits="0"></line>
                <line number="38" hits="0"></line>
                <line number="39" hits="0"></line>
                <line number="40" hits="0"></line>
                <line number="41" hits="0"></line>
                <line number="42" hits="0"></line>
              </lines>
            </method>
            <method name="ProcessPackagesFile" signature="" line-rate="0.8965517" branch-rate="0" complexity="0">
              <lines>
                <line number="47" hits="1"></line>
                <line number="48" hits="1"></line>
                <line number="49" hits="1"></line>
                <line number="50" hits="1"></line>
                <line number="51" hits="1"></line>
                <line number="52" hits="1"></line>
                <line number="53" hits="1"></line>
                <line number="56" hits="5"></line>
                <line number="57" hits="5"></line>
                <line number="58" hits="5"></line>
                <line number="59" hits="1"></line>
                <line number="60" hits="1"></line>
                <line number="61" hits="1"></line>
                <line number="62" hits="1"></line>
                <line number="64" hits="4"></line>
                <line number="65" hits="4"></line>
                <line number="66" hits="0"></line>
                <line number="67" hits="0"></line>
                <line number="68" hits="0"></line>
                <line number="69" hits="4"></line>
                <line number="70" hits="4"></line>
                <line number="71" hits="4"></line>
                <line number="72" hits="4"></line>
                <line number="73" hits="4"></line>
                <line number="74" hits="4"></line>
                <line number="75" hits="4"></line>
                <line number="76" hits="4"></line>
                <line number="77" hits="4"></line>
                <line number="79" hits="1"></line>
              </lines>
            </method>
            <method name="ProcessDescription" signature="" line-rate="1" branch-rate="0" complexity="0">
              <lines>
                <line number="84" hits="2"></line>
                <line number="85" hits="2"></line>
                <line number="86" hits="2"></line>
                <line number="87" hits="2"></line>
                <line number="88" hits="2"></line>
                <line number="89" hits="2"></line>
                <line number="90" hits="2"></line>
                <line number="91" hits="2"></line>
                <line number="92" hits="2"></line>
                <line number="93" hits="2"></line>
                <line number="94" hits="2"></line>
                <line number="95" hits="2"></line>
                <line number="96" hits="2"></line>
                <line number="97" hits="2"></line>
                <line number="98" hits="2"></line>
                <line number="99" hits="2"></line>
                <line number="100" hits="2"></line>
              </lines>
            </method>
            <method name="CleanDescriptionOrPackagesEntry" signature="" line-rate="1" branch-rate="0" complexity="0">
              <lines>
                <line number="107" hits="12"></line>
                <line number="108" hits="12"></line>
                <line number="109" hits="12"></line>
                <line number="110" hits="12"></line>
                <line number="111" hits="12"></line>
                <line number="112" hits="12"></line>
                <line number="113" hits="1"></line>
                <line number="114" hits="1"></line>
                <line number="115" hits="1"></line>
                <line number="116" hits="1"></line>
                <line number="117" hits="1"></line>
                <line number="118" hits="1"></line>
                <line number="119" hits="1"></line>
                <line number="120" hits="158"></line>
                <line number="121" hits="158"></line>
                <line number="122" hits="158"></line>
                <line number="123" hits="43"></line>
                <line number="124" hits="43"></line>
                <line number="125" hits="43"></line>
                <line number="126" hits="43"></line>
                <line number="127" hits="43"></line>
                <line number="131" hits="58"></line>
                <line number="132" hits="58"></line>
                <line number="133" hits="58"></line>
                <line number="135" hits="53"></line>
                <line number="136" hits="53"></line>
                <line number="137" hits="53"></line>
                <line number="139" hits="11"></line>
              </lines>
            </method>
            <method name="splitPackageName" signature="" line-rate="1" branch-rate="0" complexity="0">
              <lines>
                <line number="142" hits="614"></line>
                <line number="143" hits="614"></line>
                <line number="144" hits="614"></line>
              </lines>
            </method>
            <method name="ProcessDependencyFields" signature="" line-rate="1" branch-rate="0" complexity="0">
              <lines>
                <line number="149" hits="6"></line>
                <line number="150" hits="6"></line>
                <line number="151" hits="6"></line>
                <line number="152" hits="6"></line>
                <line number="153" hits="13"></line>
                <line number="154" hits="13"></line>
                <line number="155" hits="13"></line>
                <line number="156" hits="1"></line>
                <line number="157" hits="1"></line>
                <line number="162" hits="50"></line>
                <line number="163" hits="50"></line>
                <line number="164" hits="50"></line>
                <line number="165" hits="50"></line>
                <line number="166" hits="28"></line>
                <line number="167" hits="28"></line>
                <line number="168" hits="28"></line>
                <line number="169" hits="28"></line>
                <line number="170" hits="28"></line>
                <line number="171" hits="28"></line>
                <line number="172" hits="28"></line>
                <line number="173" hits="50"></line>
                <line number="174" hits="50"></line>
                <line number="175" hits="50"></line>
                <line number="176" hits="50"></line>
                <line number="177" hits="50"></line>
                <line number="178" hits="50"></line>
              </lines>
            </method>
          </methods>
          <lines>
            <line number="27" hits="1"></line>
            <line number="28" hits="1"></line>
            <line number="29" hits="1"></line>
            <line number="30" hits="2"></line>
            <line number="31" hits="2"></line>
            <line number="32" hits="1"></line>
            <line number="36" hits="0"></line>
            <line number="37" hits="0"></line>
            <line number="38" hits="0"></line>
            <line number="39" hits="0"></line>
            <line number="40" hits="0"></line>
            <line number="41" hits="0"></line>
            <line number="42" hits="0"></line>
            <line number="47" hits="1"></line>
            <line number="48" hits="1"></line>
            <line number="49" hits="1"></line>
            <line number="50" hits="1"></line>
            <line number="51" hits="1"></line>
            <line number="52" hits="1"></line>
            <line number="53" hits="1"></line>
            <line number="56" hits="5"></line>
            <line number="57" hits="5"></line>
            <line number="58" hits="5"></line>
            <line number="59" hits="1"></line>
            <line number="60" hits="1"></line>
            <line number="61" hits="1"></line>
            <line number="62" hits="1"></line>
            <line number="64" hits="4"></line>
            <line number="65" hits="4"></line>
            <line number="66" hits="0"></line>
            <line number="67" hits="0"></line>
            <line number="68" hits="0"></line>
            <line number="69" hits="4"></line>
            <line number="70" hits="4"></line>
            <line number="71" hits="4"></line>
            <line number="72" hits="4"></line>
            <line number="73" hits="4"></line>
            <line number="74" hits="4"></line>
            <line number="75" hits="4"></line>
            <line number="76" hits="4"></line>
            <line number="77" hits="4"></line>
            <line number="79" hits="1"></line>
            <line number="84" hits="2"></line>
            <line number="85" hits="2"></line>
            <line number="86" hits="2"></line>
            <line number="87" hits="2"></line>
            <line number="88" hits="2"></line>
            <line number="89" hits="2"></line>
            <line number="90" hits="2"></line>
            <line number="91" hits="2"></line>
            <line number="92" hits="2"></line>
            <line number="93" hits="2"></line>
            <line number="94" hits="2"></line>
            <line number="95" hits="2"></line>
            <line number="96" hits="2"></line>
            <line number="97" hits="2"></line>
            <line number="98" hits="2"></line>
            <line number="99" hits="2"></line>
            <line number="100" hits="2"></line>
            <line number="107" hits="12"></line>
            <line number="108" hits="12"></line>
            <line number="109" hits="12"></line>
            <line number="110" hits="12"></line>
            <line number="111" hits="12"></line>
            <line number="112" hits="12"></line>
            <line number="113" hits="1"></line>
            <line number="114" hits="1"></line>
            <line number="115" hits="1"></line>
            <line number="116" hits="1"></line>
            <line number="117" hits="1"></line>
            <line number="118" hits="1"></line>
            <line number="119" hits="1"></line>
            <line number="120" hits="158"></line>
            <line number="121" hits="158"></line>
            <line number="122" hits="158"></line>
            <line number="123" hits="43"></line>
            <line number="124" hits="43"></line>
            <line number="125" hits="43"></line>
            <line number="126" hits="43"></line>
            <line number="127" hits="43"></line>
            <line number="131" hits="58"></line>
            <line number="132" hits="58"></line>
            <line number="133" hits="58"></line>
            <line number="135" hits="53"></line>
            <line number="136" hits="53"></line>
            <line number="137" hits="53"></line>
            <line number="139" hits="11"></line>
            <line number="142" hits="614"></line>
            <line number="143" hits="614"></line>
            <line number="144" hits="614"></line>
            <line number="149" hits="6"></line>
            <line number="150" hits="6"></line>
            <line number="151" hits="6"></line>
            <line number="152" hits="6"></line>
            <line number="153" hits="13"></line>
            <line number="154" hits="13"></line>
            <line number="155" hits="13"></line>
            <line number="156" hits="1"></line>
            <line number="157" hits="1"></line>
            <line number="162" hits="50"></line>
            <line number="163" hits="50"></line>
            <line number="164" hits="50"></line>
            <line number="165" hits="50"></line>
            <line number="166" hits="28"></line>
            <line number="167" hits="28"></line>
            <line number="168" hits="28"></line>
            <line number="169" hits="28"></line>
            <line number="170" hits="28"></line>
            <line number="171" hits="28"></line>
            <line number="172" hits="28"></line>
            <line number="173" hits="50"></line>
            <line number="174" hits="50"></line>
            <line number="175" hits="50"></line>
            <line number="176" hits="50"></line>
            <line number="177" hits="50"></line>
            <line number="178" hits="50"></line>
          </lines>
        </class>
        <class name="-" filename="cmd/renv.go" line-rate="0.7209302" branch-rate="0" complexity="0">
          <methods>
            <method name="GenerateRenvLock" signature="" line-rate="1" branch-rate="0" complexity="0">
              <lines>
                <line number="38" hits="1"></line>
                <line number="39" hits="1"></line>
                <line number="40" hits="1"></line>
                <line number="41" hits="1"></line>
                <line number="42" hits="6"></line>
                <line number="43" hits="6"></line>
                <line number="44" hits="1"></line>
                <line number="45" hits="1"></line>
                <line number="48" hits="5"></line>
                <line number="49" hits="5"></line>
                <line number="50" hits="5"></line>
                <line number="54" hits="1"></line>
                <line number="55" hits="1"></line>
                <line number="56" hits="3"></line>
                <line number="57" hits="3"></line>
                <line number="58" hits="1"></line>
                <line number="59" hits="1"></line>
                <line number="60" hits="3"></line>
                <line number="61" hits="3"></line>
                <line number="62" hits="1"></line>
              </lines>
            </method>
            <method name="GetRepositoryKeyByValue" signature="" line-rate="1" branch-rate="0" complexity="0">
              <lines>
                <line number="67" hits="5"></line>
                <line number="68" hits="5"></line>
                <line number="69" hits="3"></line>
                <line number="70" hits="3"></line>
                <line number="71" hits="3"></line>
                <line number="73" hits="2"></line>
              </lines>
            </method>
            <method name="GetPackageRegex" signature="" line-rate="1" branch-rate="0" complexity="0">
              <lines>
                <line number="78" hits="1"></line>
                <line number="79" hits="1"></line>
                <line number="80" hits="1"></line>
                <line number="81" hits="1"></line>
                <line number="82" hits="1"></line>
                <line number="83" hits="1"></line>
                <line number="84" hits="4"></line>
                <line number="85" hits="4"></line>
                <line number="86" hits="4"></line>
                <line number="87" hits="4"></line>
                <line number="88" hits="1"></line>
              </lines>
            </method>
            <method name="GetPackageVersionFromDescription" signature="" line-rate="1" branch-rate="0" complexity="0">
              <lines>
                <line number="93" hits="5"></line>
                <line number="94" hits="5"></line>
                <line number="95" hits="5"></line>
                <line number="96" hits="5"></line>
                <line number="97" hits="5"></line>
                <line number="98" hits="5"></line>
                <line number="99" hits="5"></line>
                <line number="100" hits="5"></line>
                <line number="101" hits="5"></line>
                <line number="102" hits="5"></line>
              </lines>
            </method>
            <method name="GetGitRepositoryURL" signature="" line-rate="1" branch-rate="0" complexity="0">
              <lines>
                <line number="106" hits="5"></line>
                <line number="107" hits="5"></line>
                <line number="108" hits="5"></line>
                <line number="109" hits="2"></line>
                <line number="110" hits="2"></line>
                <line number="111" hits="3"></line>
                <line number="112" hits="3"></line>
                <line number="113" hits="3"></line>
                <line number="114" hits="3"></line>
                <line number="115" hits="2"></line>
                <line number="116" hits="2"></line>
                <line number="117" hits="1"></line>
                <line number="118" hits="1"></line>
                <line number="119" hits="1"></line>
                <line number="120" hits="3"></line>
                <line number="122" hits="5"></line>
              </lines>
            </method>
            <method name="GetDefaultBranchSha" signature="" line-rate="0" branch-rate="0" complexity="0">
              <lines>
                <line number="130" hits="0"></line>
                <line number="131" hits="0"></line>
                <line number="132" hits="0"></line>
                <line number="133" hits="0"></line>
                <line number="134" hits="0"></line>
                <line number="135" hits="0"></line>
                <line number="136" hits="0"></line>
                <line number="137" hits="0"></line>
                <line number="138" hits="0"></line>
                <line number="139" hits="0"></line>
                <line number="140" hits="0"></line>
                <line number="141" hits="0"></line>
                <line number="142" hits="0"></line>
                <line number="143" hits="0"></line>
                <line number="144" hits="0"></line>
                <line number="145" hits="0"></line>
                <line number="146" hits="0"></line>
                <line number="147" hits="0"></line>
                <line number="148" hits="0"></line>
                <line number="149" hits="0"></line>
                <line number="150" hits="0"></line>
                <line number="152" hits="0"></line>
                <line number="153" hits="0"></line>
                <line number="154" hits="0"></line>
                <line number="155" hits="0"></line>
                <line number="156" hits="0"></line>
                <line number="158" hits="0"></line>
                <line number="159" hits="0"></line>
                <line number="160" hits="0"></line>
              </lines>
            </method>
            <method name="UpdateGitPackages" signature="" line-rate="1" branch-rate="0" complexity="0">
              <lines>
                <line number="168" hits="1"></line>
                <line number="169" hits="1"></line>
                <line number="170" hits="4"></line>
                <line number="171" hits="4"></line>
                <line number="172" hits="2"></line>
                <line number="173" hits="2"></line>
                <line number="174" hits="2"></line>
                <line number="175" hits="2"></line>
                <line number="177" hits="2"></line>
                <line number="178" hits="2"></line>
                <line number="179" hits="2"></line>
                <line number="180" hits="2"></line>
                <line number="181" hits="2"></line>
                <line number="182" hits="2"></line>
                <line number="183" hits="2"></line>
                <line number="184" hits="2"></line>
                <line number="185" hits="2"></line>
                <line number="186" hits="2"></line>
                <line number="188" hits="2"></line>
                <line number="189" hits="2"></line>
                <line number="190" hits="2"></line>
                <line number="191" hits="2"></line>
                <line number="192" hits="2"></line>
                <line number="193" hits="2"></line>
                <line number="194" hits="2"></line>
                <line number="195" hits="2"></line>
                <line number="196" hits="2"></line>
                <line number="197" hits="2"></line>
                <line number="198" hits="2"></line>
                <line number="199" hits="2"></line>
                <line number="200" hits="2"></line>
                <line number="201" hits="2"></line>
                <line number="202" hits="2"></line>
                <line number="203" hits="2"></line>
                <line number="204" hits="2"></line>
              </lines>
            </method>
            <method name="GetLatestPackageVersionFromAnyRepository" signature="" line-rate="1" branch-rate="0" complexity="0">
              <lines>
                <line number="212" hits="1"></line>
                <line number="213" hits="1"></line>
                <line number="214" hits="1"></line>
                <line number="215" hits="1"></line>
                <line number="216" hits="3"></line>
                <line number="217" hits="3"></line>
                <line number="218" hits="3"></line>
                <line number="219" hits="3"></line>
                <line number="220" hits="3"></line>
                <line number="221" hits="3"></line>
                <line number="222" hits="3"></line>
                <line number="223" hits="3"></line>
                <line number="227" hits="1"></line>
                <line number="228" hits="1"></line>
              </lines>
            </method>
            <method name="UpdateRepositoryPackages" signature="" line-rate="1" branch-rate="0" complexity="0">
              <lines>
                <line number="235" hits="1"></line>
                <line number="236" hits="1"></line>
                <line number="237" hits="8"></line>
                <line number="238" hits="8"></line>
                <line number="239" hits="2"></line>
                <line number="240" hits="2"></line>
                <line number="241" hits="2"></line>
                <line number="242" hits="2"></line>
                <line number="244" hits="6"></line>
                <line number="245" hits="6"></line>
                <line number="246" hits="6"></line>
                <line number="247" hits="6"></line>
                <line number="248" hits="6"></line>
                <line number="249" hits="6"></line>
                <line number="250" hits="1"></line>
                <line number="251" hits="1"></line>
                <line number="252" hits="1"></line>
                <line number="253" hits="1"></line>
                <line number="254" hits="1"></line>
                <line number="255" hits="1"></line>
                <line number="256" hits="1"></line>
                <line number="257" hits="6"></line>
                <line number="258" hits="6"></line>
                <line number="259" hits="4"></line>
                <line number="260" hits="4"></line>
                <line number="261" hits="4"></line>
                <line number="264" hits="2"></line>
                <line number="265" hits="2"></line>
                <line number="266" hits="2"></line>
                <line number="268" hits="4"></line>
                <line number="269" hits="4"></line>
                <line number="270" hits="1"></line>
                <line number="271" hits="1"></line>
                <line number="272" hits="1"></line>
                <line number="273" hits="1"></line>
                <line number="274" hits="1"></line>
                <line number="275" hits="1"></line>
                <line number="276" hits="1"></line>
                <line number="277" hits="4"></line>
                <line number="278" hits="4"></line>
                <line number="279" hits="4"></line>
                <line number="280" hits="4"></line>
                <line number="281" hits="4"></line>
              </lines>
            </method>
            <method name="GetPackagesFiles" signature="" line-rate="0" branch-rate="0" complexity="0">
              <lines>
                <line number="290" hits="0"></line>
                <line number="291" hits="0"></line>
                <line number="292" hits="0"></line>
                <line number="293" hits="0"></line>
                <line number="294" hits="0"></line>
                <line number="295" hits="0"></line>
                <line number="296" hits="0"></line>
                <line number="297" hits="0"></line>
              </lines>
            </method>
            <method name="UpdateRenvLock" signature="" line-rate="0" branch-rate="0" complexity="0">
              <lines>
                <line number="304" hits="0"></line>
                <line number="305" hits="0"></line>
                <line number="306" hits="0"></line>
                <line number="307" hits="0"></line>
                <line number="308" hits="0"></line>
                <line number="309" hits="0"></line>
                <line number="310" hits="0"></line>
                <line number="311" hits="0"></line>
                <line number="312" hits="0"></line>
                <line number="313" hits="0"></line>
                <line number="314" hits="0"></line>
                <line number="315" hits="0"></line>
                <line number="316" hits="0"></line>
                <line number="317" hits="0"></line>
                <line number="318" hits="0"></line>
                <line number="319" hits="0"></line>
                <line number="320" hits="0"></line>
                <line number="321" hits="0"></line>
                <line number="322" hits="0"></line>
                <line number="323" hits="0"></line>
                <line number="324" hits="0"></line>
                <line number="325" hits="0"></line>
                <line number="326" hits="0"></line>
              </lines>
            </method>
          </methods>
          <lines>
            <line number="38" hits="1"></line>
            <line number="39" hits="1"></line>
            <line number="40" hits="1"></line>
            <line number="41" hits="1"></line>
            <line number="42" hits="6"></line>
            <line number="43" hits="6"></line>
            <line number="44" hits="1"></line>
            <line number="45" hits="1"></line>
            <line number="48" hits="5"></line>
            <line number="49" hits="5"></line>
            <line number="50" hits="5"></line>
            <line number="54" hits="1"></line>
            <line number="55" hits="1"></line>
            <line number="56" hits="3"></line>
            <line number="57" hits="3"></line>
            <line number="58" hits="1"></line>
            <line number="59" hits="1"></line>
            <line number="60" hits="3"></line>
            <line number="61" hits="3"></line>
            <line number="62" hits="1"></line>
            <line number="67" hits="5"></line>
            <line number="68" hits="5"></line>
            <line number="69" hits="3"></line>
            <line number="70" hits="3"></line>
            <line number="71" hits="3"></line>
            <line number="73" hits="2"></line>
            <line number="78" hits="1"></line>
            <line number="79" hits="1"></line>
            <line number="80" hits="1"></line>
            <line number="81" hits="1"></line>
            <line number="82" hits="1"></line>
            <line number="83" hits="1"></line>
            <line number="84" hits="4"></line>
            <line number="85" hits="4"></line>
            <line number="86" hits="4"></line>
            <line number="87" hits="4"></line>
            <line number="88" hits="1"></line>
            <line number="93" hits="5"></line>
            <line number="94" hits="5"></line>
            <line number="95" hits="5"></line>
            <line number="96" hits="5"></line>
            <line number="97" hits="5"></line>
            <line number="98" hits="5"></line>
            <line number="99" hits="5"></line>
            <line number="100" hits="5"></line>
            <line number="101" hits="5"></line>
            <line number="102" hits="5"></line>
            <line number="106" hits="5"></line>
            <line number="107" hits="5"></line>
            <line number="108" hits="5"></line>
            <line number="109" hits="2"></line>
            <line number="110" hits="2"></line>
            <line number="111" hits="3"></line>
            <line number="112" hits="3"></line>
            <line number="113" hits="3"></line>
            <line number="114" hits="3"></line>
            <line number="115" hits="2"></line>
            <line number="116" hits="2"></line>
            <line number="117" hits="1"></line>
            <line number="118" hits="1"></line>
            <line number="119" hits="1"></line>
            <line number="120" hits="3"></line>
            <line number="122" hits="5"></line>
            <line number="130" hits="0"></line>
            <line number="131" hits="0"></line>
            <line number="132" hits="0"></line>
            <line number="133" hits="0"></line>
            <line number="134" hits="0"></line>
            <line number="135" hits="0"></line>
            <line number="136" hits="0"></line>
            <line number="137" hits="0"></line>
            <line number="138" hits="0"></line>
            <line number="139" hits="0"></line>
            <line number="140" hits="0"></line>
            <line number="141" hits="0"></line>
            <line number="142" hits="0"></line>
            <line number="143" hits="0"></line>
            <line number="144" hits="0"></line>
            <line number="145" hits="0"></line>
            <line number="146" hits="0"></line>
            <line number="147" hits="0"></line>
            <line number="148" hits="0"></line>
            <line number="149" hits="0"></line>
            <line number="150" hits="0"></line>
            <line number="152" hits="0"></line>
            <line number="153" hits="0"></line>
            <line number="154" hits="0"></line>
            <line number="155" hits="0"></line>
            <line number="156" hits="0"></line>
            <line number="158" hits="0"></line>
            <line number="159" hits="0"></line>
            <line number="160" hits="0"></line>
            <line number="168" hits="1"></line>
            <line number="169" hits="1"></line>
            <line number="170" hits="4"></line>
            <line number="171" hits="4"></line>
            <line number="172" hits="2"></line>
            <line number="173" hits="2"></line>
            <line number="174" hits="2"></line>
            <line number="175" hits="2"></line>
            <line number="177" hits="2"></line>
            <line number="178" hits="2"></line>
            <line number="179" hits="2"></line>
            <line number="180" hits="2"></line>
            <line number="181" hits="2"></line>
            <line number="182" hits="2"></line>
            <line number="183" hits="2"></line>
            <line number="184" hits="2"></line>
            <line number="185" hits="2"></line>
            <line number="186" hits="2"></line>
            <line number="188" hits="2"></line>
            <line number="189" hits="2"></line>
            <line number="190" hits="2"></line>
            <line number="191" hits="2"></line>
            <line number="192" hits="2"></line>
            <line number="193" hits="2"></line>
            <line number="194" hits="2"></line>
            <line number="195" hits="2"></line>
            <line number="196" hits="2"></line>
            <line number="197" hits="2"></line>
            <line number="198" hits="2"></line>
            <line number="199" hits="2"></line>
            <line number="200" hits="2"></line>
            <line number="201" hits="2"></line>
            <line number="202" hits="2"></line>
            <line number="203" hits="2"></line>
            <line number="204" hits="2"></line>
            <line number="212" hits="1"></line>
            <line number="213" hits="1"></line>
            <line number="214" hits="1"></line>
            <line number="215" hits="1"></line>
            <line number="216" hits="3"></line>
            <line number="217" hits="3"></line>
            <line number="218" hits="3"></line>
            <line number="219" hits="3"></line>
            <line number="220" hits="3"></line>
            <line number="221" hits="3"></line>
            <line number="222" hits="3"></line>
            <line number="223" hits="3"></line>
            <line number="227" hits="1"></line>
            <line number="228" hits="1"></line>
            <line number="235" hits="1"></line>
            <line number="236" hits="1"></line>
            <line number="237" hits="8"></line>
            <line number="238" hits="8"></line>
            <line number="239" hits="2"></line>
            <line number="240" hits="2"></line>
            <line number="241" hits="2"></line>
            <line number="242" hits="2"></line>
            <line number="244" hits="6"></line>
            <line number="245" hits="6"></line>
            <line number="246" hits="6"></line>
            <line number="247" hits="6"></line>
            <line number="248" hits="6"></line>
            <line number="249" hits="6"></line>
            <line number="250" hits="1"></line>
            <line number="251" hits="1"></line>
            <line number="252" hits="1"></line>
            <line number="253" hits="1"></line>
            <line number="254" hits="1"></line>
            <line number="255" hits="1"></line>
            <line number="256" hits="1"></line>
            <line number="257" hits="6"></line>
            <line number="258" hits="6"></line>
            <line number="259" hits="4"></line>
            <line number="260" hits="4"></line>
            <line number="261" hits="4"></line>
            <line number="264" hits="2"></line>
            <line number="265" hits="2"></line>
            <line number="266" hits="2"></line>
            <line number="268" hits="4"></line>
            <line number="269" hits="4"></line>
            <line number="270" hits="1"></line>
            <line number="271" hits="1"></line>
            <line number="272" hits="1"></line>
            <line number="273" hits="1"></line>
            <line number="274" hits="1"></line>
            <line number="275" hits="1"></line>
            <line number="276" hits="1"></line>
            <line number="277" hits="4"></line>
            <line number="278" hits="4"></line>
            <line number="279" hits="4"></line>
            <line number="280" hits="4"></line>
            <line number="281" hits="4"></line>
            <line number="290" hits="0"></line>
            <line number="291" hits="0"></line>
            <line number="292" hits="0"></line>
            <line number="293" hits="0"></line>
            <line number="294" hits="0"></line>
            <line number="295" hits="0"></line>
            <line number="296" hits="0"></line>
            <line number="297" hits="0"></line>
            <line number="304" hits="0"></line>
            <line number="305" hits="0"></line>
            <line number="306" hits="0"></line>
            <line number="307" hits="0"></line>
            <line number="308" hits="0"></line>
            <line number="309" hits="0"></line>
            <line number="310" hits="0"></line>
            <line number="311" hits="0"></line>
            <line number="312" hits="0"></line>
            <line number="313" hits="0"></line>
            <line number="314" hits="0"></line>
            <line number="315" hits="0"></line>
            <line number="316" hits="0"></line>
            <line number="317" hits="0"></line>
            <line number="318" hits="0"></line>
            <line number="319" hits="0"></line>
            <line number="320" hits="0"></line>
            <line number="321" hits="0"></line>
            <line number="322" hits="0"></line>
            <line number="323" hits="0"></line>
            <line number="324" hits="0"></line>
            <line number="325" hits="0"></line>
            <line number="326" hits="0"></line>
          </lines>
        </class>
        <class name="-" filename="cmd/report.go" line-rate="0" branch-rate="0" complexity="0">
          <methods>
            <method name="GenerateHTMLReport" signature="" line-rate="0" branch-rate="0" complexity="0">
              <lines>
                <line number="60" hits="0"></line>
                <line number="61" hits="0"></line>
                <line number="62" hits="0"></line>
                <line number="63" hits="0"></line>
[...]
              <lines>
                <line number="223" hits="0"></line>
                <line number="224" hits="0"></line>
                <line number="225" hits="0"></line>
                <line number="226" hits="0"></line>
                <line number="227" hits="0"></line>
                <line number="228" hits="0"></line>
                <line number="229" hits="0"></line>
                <line number="230" hits="0"></line>
                <line number="231" hits="0"></line>
                <line number="232" hits="0"></line>
                <line number="233" hits="0"></line>
                <line number="234" hits="0"></line>
                <line number="235" hits="0"></line>
                <line number="236" hits="0"></line>
                <line number="238" hits="0"></line>
                <line number="239" hits="0"></line>
                <line number="240" hits="0"></line>
                <line number="241" hits="0"></line>
                <line number="242" hits="0"></line>
                <line number="243" hits="0"></line>
                <line number="244" hits="0"></line>
                <line number="245" hits="0"></line>
              </lines>
            </method>
            <method name="Execute" signature="" line-rate="0" branch-rate="0" complexity="0">
              <lines>
                <line number="248" hits="0"></line>
                <line number="249" hits="0"></line>
                <line number="250" hits="0"></line>
                <line number="251" hits="0"></line>
                <line number="252" hits="0"></line>
              </lines>
            </method>
            <method name="initializeConfig" signature="" line-rate="0" branch-rate="0" complexity="0">
              <lines>
                <line number="255" hits="0"></line>
                <line number="256" hits="0"></line>
                <line number="257" hits="0"></line>
                <line number="258" hits="0"></line>
                <line number="259" hits="0"></line>
                <line number="260" hits="0"></line>
                <line number="261" hits="0"></line>
                <line number="262" hits="0"></line>
                <line number="263" hits="0"></line>
                <line number="264" hits="0"></line>
                <line number="265" hits="0"></line>
                <line number="266" hits="0"></line>
                <line number="267" hits="0"></line>
                <line number="268" hits="0"></line>
                <line number="269" hits="0"></line>
                <line number="272" hits="0"></line>
                <line number="273" hits="0"></line>
              </lines>
            </method>
          </methods>
          <lines>
            <line number="92" hits="0"></line>
            <line number="93" hits="0"></line>
            <line number="94" hits="0"></line>
            <line number="95" hits="0"></line>
            <line number="96" hits="0"></line>
            <line number="97" hits="0"></line>
            <line number="98" hits="0"></line>
            <line number="99" hits="0"></line>
            <line number="100" hits="0"></line>
            <line number="101" hits="0"></line>
            <line number="102" hits="0"></line>
            <line number="103" hits="0"></line>
            <line number="104" hits="0"></line>
            <line number="105" hits="0"></line>
            <line number="106" hits="0"></line>
            <line number="107" hits="0"></line>
            <line number="108" hits="0"></line>
            <line number="109" hits="0"></line>
            <line number="110" hits="0"></line>
            <line number="111" hits="0"></line>
            <line number="112" hits="0"></line>
            <line number="113" hits="0"></line>
            <line number="114" hits="0"></line>
            <line number="115" hits="0"></line>
            <line number="116" hits="0"></line>
            <line number="117" hits="0"></line>
            <line number="118" hits="0"></line>
            <line number="119" hits="0"></line>
            <line number="120" hits="0"></line>
            <line number="121" hits="0"></line>
            <line number="122" hits="0"></line>
            <line number="123" hits="0"></line>
            <line number="124" hits="0"></line>
            <line number="125" hits="0"></line>
            <line number="132" hits="0"></line>
            <line number="133" hits="0"></line>
            <line number="134" hits="0"></line>
            <line number="135" hits="0"></line>
            <line number="136" hits="0"></line>
            <line number="137" hits="0"></line>
            <line number="138" hits="0"></line>
            <line number="139" hits="0"></line>
            <line number="140" hits="0"></line>
            <line number="141" hits="0"></line>
            <line number="142" hits="0"></line>
            <line number="143" hits="0"></line>
            <line number="144" hits="0"></line>
            <line number="145" hits="0"></line>
            <line number="146" hits="0"></line>
            <line number="147" hits="0"></line>
            <line number="148" hits="0"></line>
            <line number="149" hits="0"></line>
            <line number="150" hits="0"></line>
            <line number="151" hits="0"></line>
            <line number="152" hits="0"></line>
            <line number="153" hits="0"></line>
            <line number="154" hits="0"></line>
            <line number="155" hits="0"></line>
            <line number="156" hits="0"></line>
            <line number="157" hits="0"></line>
            <line number="158" hits="0"></line>
            <line number="159" hits="0"></line>
            <line number="160" hits="0"></line>
            <line number="161" hits="0"></line>
            <line number="162" hits="0"></line>
            <line number="163" hits="0"></line>
            <line number="165" hits="0"></line>
            <line number="166" hits="0"></line>
            <line number="167" hits="0"></line>
            <line number="168" hits="0"></line>
            <line number="169" hits="0"></line>
            <line number="170" hits="0"></line>
            <line number="171" hits="0"></line>
            <line number="172" hits="0"></line>
            <line number="173" hits="0"></line>
            <line number="174" hits="0"></line>
            <line number="175" hits="0"></line>
            <line number="176" hits="0"></line>
            <line number="177" hits="0"></line>
            <line number="178" hits="0"></line>
            <line number="181" hits="0"></line>
            <line number="182" hits="0"></line>
            <line number="183" hits="0"></line>
            <line number="184" hits="0"></line>
            <line number="185" hits="0"></line>
            <line number="186" hits="0"></line>
            <line number="187" hits="0"></line>
            <line number="188" hits="0"></line>
            <line number="189" hits="0"></line>
            <line number="190" hits="0"></line>
            <line number="191" hits="0"></line>
            <line number="192" hits="0"></line>
            <line number="193" hits="0"></line>
            <line number="194" hits="0"></line>
            <line number="195" hits="0"></line>
            <line number="196" hits="0"></line>
            <line number="197" hits="0"></line>
            <line number="198" hits="0"></line>
            <line number="199" hits="0"></line>
            <line number="200" hits="0"></line>
            <line number="201" hits="0"></line>
            <line number="202" hits="0"></line>
            <line number="203" hits="0"></line>
            <line number="204" hits="0"></line>
            <line number="205" hits="0"></line>
            <line number="206" hits="0"></line>
            <line number="207" hits="0"></line>
            <line number="208" hits="0"></line>
            <line number="209" hits="0"></line>
            <line number="210" hits="0"></line>
            <line number="211" hits="0"></line>
            <line number="212" hits="0"></line>
            <line number="213" hits="0"></line>
            <line number="214" hits="0"></line>
            <line number="215" hits="0"></line>
            <line number="216" hits="0"></line>
            <line number="219" hits="1"></line>
            <line number="220" hits="1"></line>
            <line number="221" hits="1"></line>
            <line number="223" hits="0"></line>
            <line number="224" hits="0"></line>
            <line number="225" hits="0"></line>
            <line number="226" hits="0"></line>
            <line number="227" hits="0"></line>
            <line number="228" hits="0"></line>
            <line number="229" hits="0"></line>
            <line number="230" hits="0"></line>
            <line number="231" hits="0"></line>
            <line number="232" hits="0"></line>
            <line number="233" hits="0"></line>
            <line number="234" hits="0"></line>
            <line number="235" hits="0"></line>
            <line number="236" hits="0"></line>
            <line number="238" hits="0"></line>
            <line number="239" hits="0"></line>
            <line number="240" hits="0"></line>
            <line number="241" hits="0"></line>
            <line number="242" hits="0"></line>
            <line number="243" hits="0"></line>
            <line number="244" hits="0"></line>
            <line number="245" hits="0"></line>
            <line number="248" hits="0"></line>
            <line number="249" hits="0"></line>
            <line number="250" hits="0"></line>
            <line number="251" hits="0"></line>
            <line number="252" hits="0"></line>
            <line number="255" hits="0"></line>
            <line number="256" hits="0"></line>
            <line number="257" hits="0"></line>
            <line number="258" hits="0"></line>
            <line number="259" hits="0"></line>
            <line number="260" hits="0"></line>
            <line number="261" hits="0"></line>
            <line number="262" hits="0"></line>
            <line number="263" hits="0"></line>
            <line number="264" hits="0"></line>
            <line number="265" hits="0"></line>
            <line number="266" hits="0"></line>
            <line number="267" hits="0"></line>
            <line number="268" hits="0"></line>
            <line number="269" hits="0"></line>
            <line number="272" hits="0"></line>
            <line number="273" hits="0"></line>
          </lines>
        </class>
        <class name="-" filename="cmd/utils.go" line-rate="0.6315789" branch-rate="0" complexity="0">
          <methods>
            <method name="checkError" signature="" line-rate="1" branch-rate="0" complexity="0">
              <lines>
                <line number="26" hits="534"></line>
                <line number="27" hits="1"></line>
                <line number="28" hits="1"></line>
                <line number="29" hits="1"></line>
              </lines>
            </method>
            <method name="stringInSlice" signature="" line-rate="1" branch-rate="0" complexity="0">
              <lines>
                <line number="38" hits="24"></line>
                <line number="39" hits="24"></line>
                <line number="40" hits="5"></line>
                <line number="41" hits="5"></line>
                <line number="42" hits="5"></line>
                <line number="44" hits="19"></line>
              </lines>
            </method>
            <method name="ParseInput" signature="" line-rate="0.5882353" branch-rate="0" complexity="0">
              <lines>
                <line number="51" hits="1"></line>
                <line number="52" hits="0"></line>
                <line number="53" hits="0"></line>
                <line number="54" hits="0"></line>
                <line number="55" hits="0"></line>
                <line number="56" hits="0"></line>
                <line number="57" hits="0"></line>
                <line number="58" hits="0"></line>
                <line number="59" hits="0"></line>
                <line number="60" hits="0"></line>
                <line number="61" hits="0"></line>
                <line number="62" hits="0"></line>
                <line number="63" hits="0"></line>
                <line number="64" hits="1"></line>
                <line number="65" hits="1"></line>
                <line number="66" hits="1"></line>
                <line number="67" hits="1"></line>
                <line number="68" hits="1"></line>
                <line number="69" hits="1"></line>
                <line number="70" hits="1"></line>
                <line number="71" hits="0"></line>
                <line number="72" hits="0"></line>
                <line number="73" hits="0"></line>
                <line number="74" hits="1"></line>
                <line number="75" hits="1"></line>
                <line number="76" hits="1"></line>
                <line number="77" hits="1"></line>
                <line number="78" hits="1"></line>
                <line number="79" hits="1"></line>
                <line number="80" hits="1"></line>
                <line number="81" hits="0"></line>
                <line number="82" hits="0"></line>
                <line number="83" hits="0"></line>
                <line number="85" hits="1"></line>
                <line number="86" hits="1"></line>
                <line number="87" hits="1"></line>
                <line number="88" hits="1"></line>
                <line number="89" hits="1"></line>
                <line number="91" hits="1"></line>
                <line number="92" hits="1"></line>
                <line number="93" hits="1"></line>
                <line number="94" hits="0"></line>
                <line number="95" hits="0"></line>
                <line number="96" hits="0"></line>
                <line number="97" hits="3"></line>
                <line number="98" hits="3"></line>
                <line number="99" hits="3"></line>
                <line number="101" hits="1"></line>
                <line number="102" hits="1"></line>
                <line number="103" hits="1"></line>
                <line number="104" hits="1"></line>
              </lines>
            </method>
            <method name="stringsToInts" signature="" line-rate="1" branch-rate="0" complexity="0">
              <lines>
                <line number="107" hits="162"></line>
                <line number="108" hits="162"></line>
                <line number="109" hits="162"></line>
                <line number="110" hits="482"></line>
                <line number="111" hits="482"></line>
                <line number="112" hits="482"></line>
                <line number="113" hits="482"></line>
                <line number="114" hits="162"></line>
              </lines>
            </method>
            <method name="writeJSON" signature="" line-rate="0" branch-rate="0" complexity="0">
              <lines>
                <line number="117" hits="0"></line>
                <line number="118" hits="0"></line>
                <line number="119" hits="0"></line>
                <line number="120" hits="0"></line>
                <line number="121" hits="0"></line>
                <line number="122" hits="0"></line>
                <line number="123" hits="0"></line>
              </lines>
            </method>
          </methods>
          <lines>
            <line number="26" hits="534"></line>
            <line number="27" hits="1"></line>
            <line number="28" hits="1"></line>
            <line number="29" hits="1"></line>
            <line number="38" hits="24"></line>
            <line number="39" hits="24"></line>
            <line number="40" hits="5"></line>
            <line number="41" hits="5"></line>
            <line number="42" hits="5"></line>
            <line number="44" hits="19"></line>
            <line number="51" hits="1"></line>
            <line number="52" hits="0"></line>
            <line number="53" hits="0"></line>
            <line number="54" hits="0"></line>
            <line number="55" hits="0"></line>
            <line number="56" hits="0"></line>
            <line number="57" hits="0"></line>
            <line number="58" hits="0"></line>
            <line number="59" hits="0"></line>
            <line number="60" hits="0"></line>
            <line number="61" hits="0"></line>
            <line number="62" hits="0"></line>
            <line number="63" hits="0"></line>
            <line number="64" hits="1"></line>
            <line number="65" hits="1"></line>
            <line number="66" hits="1"></line>
            <line number="67" hits="1"></line>
            <line number="68" hits="1"></line>
            <line number="69" hits="1"></line>
            <line number="70" hits="1"></line>
            <line number="71" hits="0"></line>
            <line number="72" hits="0"></line>
            <line number="73" hits="0"></line>
            <line number="74" hits="1"></line>
            <line number="75" hits="1"></line>
            <line number="76" hits="1"></line>
            <line number="77" hits="1"></line>
            <line number="78" hits="1"></line>
            <line number="79" hits="1"></line>
            <line number="80" hits="1"></line>
            <line number="81" hits="0"></line>
            <line number="82" hits="0"></line>
            <line number="83" hits="0"></line>
            <line number="85" hits="1"></line>
            <line number="86" hits="1"></line>
            <line number="87" hits="1"></line>
            <line number="88" hits="1"></line>
            <line number="89" hits="1"></line>
            <line number="91" hits="1"></line>
            <line number="92" hits="1"></line>
            <line number="93" hits="1"></line>
            <line number="94" hits="0"></line>
            <line number="95" hits="0"></line>
            <line number="96" hits="0"></line>
            <line number="97" hits="3"></line>
            <line number="98" hits="3"></line>
            <line number="99" hits="3"></line>
            <line number="101" hits="1"></line>
            <line number="102" hits="1"></line>
            <line number="103" hits="1"></line>
            <line number="104" hits="1"></line>
            <line number="107" hits="162"></line>
            <line number="108" hits="162"></line>
            <line number="109" hits="162"></line>
            <line number="110" hits="482"></line>
            <line number="111" hits="482"></line>
            <line number="112" hits="482"></line>
            <line number="113" hits="482"></line>
            <line number="114" hits="162"></line>
            <line number="117" hits="0"></line>
            <line number="118" hits="0"></line>
            <line number="119" hits="0"></line>
            <line number="120" hits="0"></line>
            <line number="121" hits="0"></line>
            <line number="122" hits="0"></line>
            <line number="123" hits="0"></line>
          </lines>
        </class>
      </classes>
    </package>
    <package name="github.com/insightsengineering/locksmith" line-rate="0" branch-rate="0" complexity="0">
      <classes>
        <class name="-" filename="main.go" line-rate="0" branch-rate="0" complexity="0">
          <methods>
            <method name="main" signature="" line-rate="0" branch-rate="0" complexity="0">
              <lines>
                <line number="6" hits="0"></line>
                <line number="7" hits="0"></line>
                <line number="8" hits="0"></line>
              </lines>
            </method>
          </methods>
          <lines>
            <line number="6" hits="0"></line>
            <line number="7" hits="0"></line>
            <line number="8" hits="0"></line>
          </lines>
        </class>
      </classes>
    </package>
  </packages>
</coverage>
