<?xml version="1.0" encoding="UTF-8"?>
<!DOCTYPE coverage SYSTEM "http://cobertura.sourceforge.net/xml/coverage-04.dtd">
<coverage line-rate="0.31538463" branch-rate="0" version="" timestamp="1697702822135" lines-covered="82" lines-valid="260" branches-covered="0" branches-valid="0" complexity="0">
  <sources>
    <source>/home/runner/work/locksmith/locksmith</source>
  </sources>
  <packages>
    <package name="github.com/insightsengineering/locksmith/cmd" line-rate="0.31538463" branch-rate="0" complexity="0">
      <classes>
        <class name="-" filename="cmd/download.go" line-rate="0" branch-rate="0" complexity="0">
          <methods>
            <method name="downloadTextFile" signature="" line-rate="0" branch-rate="0" complexity="0">
              <lines>
                <line number="26" hits="0"></line>
                <line number="27" hits="0"></line>
                <line number="28" hits="0"></line>
                <line number="29" hits="0"></line>
                <line number="30" hits="0"></line>
                <line number="31" hits="0"></line>
                <line number="32" hits="0"></line>
                <line number="33" hits="0"></line>
                <line number="34" hits="0"></line>
                <line number="35" hits="0"></line>
                <line number="37" hits="0"></line>
                <line number="38" hits="0"></line>
                <line number="39" hits="0"></line>
                <line number="40" hits="0"></line>
                <line number="41" hits="0"></line>
                <line number="42" hits="0"></line>
                <line number="43" hits="0"></line>
                <line number="44" hits="0"></line>
                <line number="45" hits="0"></line>
                <line number="46" hits="0"></line>
                <line number="48" hits="0"></line>
              </lines>
            </method>
            <method name="downloadDescriptionFiles" signature="" line-rate="0" branch-rate="0" complexity="0">
              <lines>
                <line number="51" hits="0"></line>
                <line number="52" hits="0"></line>
                <line number="53" hits="0"></line>
                <line number="54" hits="0"></line>
                <line number="55" hits="0"></line>
                <line number="56" hits="0"></line>
                <line number="57" hits="0"></line>
                <line number="58" hits="0"></line>
                <line number="59" hits="0"></line>
                <line number="61" hits="0"></line>
              </lines>
            </method>
            <method name="downloadPackagesFiles" signature="" line-rate="0" branch-rate="0" complexity="0">
              <lines>
                <line number="64" hits="0"></line>
                <line number="65" hits="0"></line>
                <line number="66" hits="0"></line>
                <line number="67" hits="0"></line>
                <line number="68" hits="0"></line>
                <line number="69" hits="0"></line>
                <line number="70" hits="0"></line>
                <line number="71" hits="0"></line>
                <line number="72" hits="0"></line>
                <line number="74" hits="0"></line>
              </lines>
            </method>
          </methods>
          <lines>
            <line number="26" hits="0"></line>
            <line number="27" hits="0"></line>
            <line number="28" hits="0"></line>
            <line number="29" hits="0"></line>
            <line number="30" hits="0"></line>
            <line number="31" hits="0"></line>
            <line number="32" hits="0"></line>
            <line number="33" hits="0"></line>
            <line number="34" hits="0"></line>
            <line number="35" hits="0"></line>
            <line number="37" hits="0"></line>
            <line number="38" hits="0"></line>
            <line number="39" hits="0"></line>
            <line number="40" hits="0"></line>
            <line number="41" hits="0"></line>
            <line number="42" hits="0"></line>
            <line number="43" hits="0"></line>
            <line number="44" hits="0"></line>
            <line number="45" hits="0"></line>
            <line number="46" hits="0"></line>
            <line number="48" hits="0"></line>
            <line number="51" hits="0"></line>
            <line number="52" hits="0"></line>
            <line number="53" hits="0"></line>
            <line number="54" hits="0"></line>
            <line number="55" hits="0"></line>
            <line number="56" hits="0"></line>
            <line number="57" hits="0"></line>
            <line number="58" hits="0"></line>
            <line number="59" hits="0"></line>
            <line number="61" hits="0"></line>
            <line number="64" hits="0"></line>
            <line number="65" hits="0"></line>
            <line number="66" hits="0"></line>
            <line number="67" hits="0"></line>
            <line number="68" hits="0"></line>
            <line number="69" hits="0"></line>
            <line number="70" hits="0"></line>
            <line number="71" hits="0"></line>
            <line number="72" hits="0"></line>
            <line number="74" hits="0"></line>
          </lines>
        </class>
        <class name="-" filename="cmd/input.go" line-rate="0" branch-rate="0" complexity="0">
          <methods>
            <method name="parseInput" signature="" line-rate="0" branch-rate="0" complexity="0">
              <lines>
                <line number="22" hits="0"></line>
                <line number="23" hits="0"></line>
                <line number="24" hits="0"></line>
                <line number="25" hits="0"></line>
                <line number="26" hits="0"></line>
              </lines>
            </method>
          </methods>
          <lines>
            <line number="22" hits="0"></line>
            <line number="23" hits="0"></line>
            <line number="24" hits="0"></line>
            <line number="25" hits="0"></line>
            <line number="26" hits="0"></line>
          </lines>
        </class>
        <class name="-" filename="cmd/parse.go" line-rate="0.8965517" branch-rate="0" complexity="0">
          <methods>
            <method name="parseDescriptionFileList" signature="" line-rate="1" branch-rate="0" complexity="0">
              <lines>
                <line number="42" hits="1"></line>
                <line number="43" hits="1"></line>
                <line number="44" hits="1"></line>
                <line number="45" hits="2"></line>
                <line number="46" hits="2"></line>
                <line number="47" hits="1"></line>
              </lines>
            </method>
            <method name="parsePackagesFiles" signature="" line-rate="0" branch-rate="0" complexity="0">
              <lines>
                <line number="50" hits="0"></line>
                <line number="51" hits="0"></line>
                <line number="52" hits="0"></line>
                <line number="53" hits="0"></line>
                <line number="54" hits="0"></line>
                <line number="55" hits="0"></line>
              </lines>
            </method>
            <method name="processPackagesFile" signature="" line-rate="0.84210527" branch-rate="0" complexity="0">
              <lines>
                <line number="60" hits="1"></line>
                <line number="61" hits="1"></line>
                <line number="62" hits="1"></line>
                <line number="63" hits="4"></line>
                <line number="64" hits="4"></line>
                <line number="65" hits="4"></line>
                <line number="66" hits="4"></line>
                <line number="67" hits="4"></line>
                <line number="68" hits="4"></line>
                <line number="69" hits="0"></line>
                <line number="70" hits="0"></line>
                <line number="71" hits="0"></line>
                <line number="72" hits="4"></line>
                <line number="73" hits="4"></line>
                <line number="74" hits="4"></line>
                <line number="75" hits="4"></line>
                <line number="76" hits="4"></line>
                <line number="77" hits="4"></line>
                <line number="79" hits="1"></line>
              </lines>
            </method>
            <method name="processDescription" signature="" line-rate="1" branch-rate="0" complexity="0">
              <lines>
                <line number="84" hits="2"></line>
                <line number="85" hits="2"></line>
                <line number="86" hits="2"></line>
                <line number="87" hits="2"></line>
                <line number="88" hits="2"></line>
                <line number="89" hits="2"></line>
                <line number="90" hits="2"></line>
                <line number="91" hits="2"></line>
                <line number="92" hits="2"></line>
                <line number="93" hits="2"></line>
                <line number="94" hits="2"></line>
                <line number="95" hits="2"></line>
                <line number="96" hits="2"></line>
              </lines>
            </method>
            <method name="cleanDescriptionOrPackagesEntry" signature="" line-rate="1" branch-rate="0" complexity="0">
              <lines>
                <line number="101" hits="6"></line>
                <line number="102" hits="6"></line>
                <line number="103" hits="6"></line>
                <line number="104" hits="6"></line>
                <line number="105" hits="6"></line>
                <line number="106" hits="6"></line>
                <line number="107" hits="87"></line>
                <line number="108" hits="87"></line>
                <line number="109" hits="87"></line>
                <line number="110" hits="25"></line>
                <line number="111" hits="25"></line>
                <line number="112" hits="25"></line>
                <line number="113" hits="25"></line>
                <line number="114" hits="25"></line>
                <line number="118" hits="30"></line>
                <line number="119" hits="30"></line>
                <line number="120" hits="30"></line>
                <line number="122" hits="30"></line>
                <line number="123" hits="30"></line>
                <line number="124" hits="30"></line>
                <line number="126" hits="6"></line>
              </lines>
            </method>
            <method name="processDependencyFields" signature="" line-rate="1" branch-rate="0" complexity="0">
              <lines>
                <line number="132" hits="6"></line>
                <line number="133" hits="6"></line>
                <line number="134" hits="6"></line>
                <line number="135" hits="6"></line>
                <line number="136" hits="13"></line>
                <line number="137" hits="13"></line>
                <line number="138" hits="13"></line>
                <line number="139" hits="50"></line>
                <line number="140" hits="50"></line>
                <line number="141" hits="50"></line>
                <line number="142" hits="50"></line>
                <line number="143" hits="28"></line>
                <line number="144" hits="28"></line>
                <line number="145" hits="28"></line>
                <line number="146" hits="28"></line>
                <line number="147" hits="28"></line>
                <line number="148" hits="28"></line>
                <line number="149" hits="28"></line>
                <line number="150" hits="50"></line>
                <line number="151" hits="50"></line>
                <line number="152" hits="50"></line>
                <line number="153" hits="50"></line>
              </lines>
            </method>
          </methods>
          <lines>
            <line number="42" hits="1"></line>
            <line number="43" hits="1"></line>
            <line number="44" hits="1"></line>
            <line number="45" hits="2"></line>
            <line number="46" hits="2"></line>
            <line number="47" hits="1"></line>
            <line number="50" hits="0"></line>
            <line number="51" hits="0"></line>
            <line number="52" hits="0"></line>
            <line number="53" hits="0"></line>
            <line number="54" hits="0"></line>
            <line number="55" hits="0"></line>
            <line number="60" hits="1"></line>
            <line number="61" hits="1"></line>
            <line number="62" hits="1"></line>
            <line number="63" hits="4"></line>
            <line number="64" hits="4"></line>
            <line number="65" hits="4"></line>
            <line number="66" hits="4"></line>
            <line number="67" hits="4"></line>
            <line number="68" hits="4"></line>
            <line number="69" hits="0"></line>
            <line number="70" hits="0"></line>
            <line number="71" hits="0"></line>
            <line number="72" hits="4"></line>
            <line number="73" hits="4"></line>
            <line number="74" hits="4"></line>
            <line number="75" hits="4"></line>
            <line number="76" hits="4"></line>
            <line number="77" hits="4"></line>
            <line number="79" hits="1"></line>
            <line number="84" hits="2"></line>
            <line number="85" hits="2"></line>
            <line number="86" hits="2"></line>
            <line number="87" hits="2"></line>
            <line number="88" hits="2"></line>
            <line number="89" hits="2"></line>
            <line number="90" hits="2"></line>
            <line number="91" hits="2"></line>
            <line number="92" hits="2"></line>
            <line number="93" hits="2"></line>
            <line number="94" hits="2"></line>
            <line number="95" hits="2"></line>
            <line number="96" hits="2"></line>
            <line number="101" hits="6"></line>
            <line number="102" hits="6"></line>
            <line number="103" hits="6"></line>
            <line number="104" hits="6"></line>
            <line number="105" hits="6"></line>
            <line number="106" hits="6"></line>
            <line number="107" hits="87"></line>
            <line number="108" hits="87"></line>
            <line number="109" hits="87"></line>
            <line number="110" hits="25"></line>
            <line number="111" hits="25"></line>
            <line number="112" hits="25"></line>
            <line number="113" hits="25"></line>
            <line number="114" hits="25"></line>
            <line number="118" hits="30"></line>
            <line number="119" hits="30"></line>
            <line number="120" hits="30"></line>
            <line number="122" hits="30"></line>
            <line number="123" hits="30"></line>
            <line number="124" hits="30"></line>
            <line number="126" hits="6"></line>
            <line number="132" hits="6"></line>
            <line number="133" hits="6"></line>
            <line number="134" hits="6"></line>
            <line number="135" hits="6"></line>
            <line number="136" hits="13"></line>
            <line number="137" hits="13"></line>
            <line number="138" hits="13"></line>
            <line number="139" hits="50"></line>
            <line number="140" hits="50"></line>
            <line number="141" hits="50"></line>
            <line number="142" hits="50"></line>
            <line number="143" hits="28"></line>
            <line number="144" hits="28"></line>
            <line number="145" hits="28"></line>
            <line number="146" hits="28"></line>
            <line number="147" hits="28"></line>
            <line number="148" hits="28"></line>
            <line number="149" hits="28"></line>
            <line number="150" hits="50"></line>
            <line number="151" hits="50"></line>
            <line number="152" hits="50"></line>
            <line number="153" hits="50"></line>
          </lines>
        </class>
        <class name="-" filename="cmd/root.go" line-rate="0.025423728" branch-rate="0" complexity="0">
          <methods>
            <method name="setLogLevel" signature="" line-rate="0" branch-rate="0" complexity="0">
              <lines>
                <line number="38" hits="0"></line>
                <line number="39" hits="0"></line>
                <line number="40" hits="0"></line>
                <line number="41" hits="0"></line>
                <line number="42" hits="0"></line>
                <line number="43" hits="0"></line>
                <line number="44" hits="0"></line>
                <line number="45" hits="0"></line>
                <line number="46" hits="0"></line>
                <line number="47" hits="0"></line>
                <line number="48" hits="0"></line>
                <line number="49" hits="0"></line>
                <line number="50" hits="0"></line>
                <line number="51" hits="0"></line>
                <line number="52" hits="0"></line>
                <line number="53" hits="0"></line>
                <line number="54" hits="0"></line>
                <line number="55" hits="0"></line>
                <line number="56" hits="0"></line>
                <line number="57" hits="0"></line>
                <line number="58" hits="0"></line>
              </lines>
            </method>
            <method name="newRootCommand" signature="" line-rate="0" branch-rate="0" complexity="0">
              <lines>
                <line number="64" hits="0"></line>
                <line number="65" hits="0"></line>
                <line number="66" hits="0"></line>
                <line number="67" hits="0"></line>
                <line number="68" hits="0"></line>
                <line number="69" hits="0"></line>
                <line number="70" hits="0"></line>
                <line number="71" hits="0"></line>
                <line number="72" hits="0"></line>
                <line number="73" hits="0"></line>
                <line number="74" hits="0"></line>
                <line number="75" hits="0"></line>
                <line number="76" hits="0"></line>
                <line number="77" hits="0"></line>
                <line number="78" hits="0"></line>
                <line number="79" hits="0"></line>
                <line number="80" hits="0"></line>
                <line number="81" hits="0"></line>
                <line number="82" hits="0"></line>
                <line number="83" hits="0"></line>
                <line number="84" hits="0"></line>
                <line number="85" hits="0"></line>
                <line number="86" hits="0"></line>
                <line number="87" hits="0"></line>
                <line number="88" hits="0"></line>
                <line number="89" hits="0"></line>
                <line number="90" hits="0"></line>
                <line number="91" hits="0"></line>
                <line number="92" hits="0"></line>
                <line number="94" hits="0"></line>
                <line number="95" hits="0"></line>
                <line number="96" hits="0"></line>
                <line number="97" hits="0"></line>
                <line number="98" hits="0"></line>
                <line number="99" hits="0"></line>
                <line number="100" hits="0"></line>
                <line number="101" hits="0"></line>
                <line number="102" hits="0"></line>
                <line number="103" hits="0"></line>
                <line number="104" hits="0"></line>
                <line number="105" hits="0"></line>
                <line number="106" hits="0"></line>
                <line number="107" hits="0"></line>
                <line number="108" hits="0"></line>
                <line number="109" hits="0"></line>
                <line number="110" hits="0"></line>
                <line number="111" hits="0"></line>
                <line number="112" hits="0"></line>
                <line number="113" hits="0"></line>
                <line number="114" hits="0"></line>
              </lines>
            </method>
            <method name="init" signature="" line-rate="1" branch-rate="0" complexity="0">
              <lines>
                <line number="117" hits="1"></line>
                <line number="118" hits="1"></line>
                <line number="119" hits="1"></line>
              </lines>
            </method>
            <method name="initConfig" signature="" line-rate="0" branch-rate="0" complexity="0">
              <lines>
                <line number="121" hits="0"></line>
                <line number="122" hits="0"></line>
                <line number="123" hits="0"></line>
                <line number="124" hits="0"></line>
                <line number="125" hits="0"></line>
                <line number="126" hits="0"></line>
                <line number="127" hits="0"></line>
                <line number="128" hits="0"></line>
                <line number="129" hits="0"></line>
                <line number="130" hits="0"></line>
                <line number="131" hits="0"></line>
                <line number="132" hits="0"></line>
                <line number="133" hits="0"></line>
                <line number="134" hits="0"></line>
                <line number="135" hits="0"></line>
                <line number="136" hits="0"></line>
                <line number="137" hits="0"></line>
                <line number="138" hits="0"></line>
                <line number="139" hits="0"></line>
                <line number="140" hits="0"></line>
                <line number="141" hits="0"></line>
                <line number="142" hits="0"></line>
              </lines>
            </method>
            <method name="Execute" signature="" line-rate="0" branch-rate="0" complexity="0">
              <lines>
                <line number="145" hits="0"></line>
                <line number="146" hits="0"></line>
                <line number="147" hits="0"></line>
                <line number="148" hits="0"></line>
                <line number="149" hits="0"></line>
              </lines>
            </method>
            <method name="initializeConfig" signature="" line-rate="0" branch-rate="0" complexity="0">
              <lines>
                <line number="152" hits="0"></line>
                <line number="153" hits="0"></line>
                <line number="154" hits="0"></line>
                <line number="155" hits="0"></line>
                <line number="156" hits="0"></line>
                <line number="157" hits="0"></line>
                <line number="158" hits="0"></line>
                <line number="159" hits="0"></line>
                <line number="160" hits="0"></line>
                <line number="161" hits="0"></line>
                <line number="162" hits="0"></line>
                <line number="163" hits="0"></line>
                <line number="164" hits="0"></line>
                <line number="165" hits="0"></line>
                <line number="166" hits="0"></line>
                <line number="167" hits="0"></line>
                <line number="168" hits="0"></line>
              </lines>
            </method>
          </methods>
          <lines>
            <line number="38" hits="0"></line>
            <line number="39" hits="0"></line>
            <line number="40" hits="0"></line>
            <line number="41" hits="0"></line>
            <line number="42" hits="0"></line>
            <line number="43" hits="0"></line>
            <line number="44" hits="0"></line>
            <line number="45" hits="0"></line>
            <line number="46" hits="0"></line>
            <line number="47" hits="0"></line>
            <line number="48" hits="0"></line>
            <line number="49" hits="0"></line>
            <line number="50" hits="0"></line>
            <line number="51" hits="0"></line>
            <line number="52" hits="0"></line>
            <line number="53" hits="0"></line>
            <line number="54" hits="0"></line>
            <line number="55" hits="0"></line>
            <line number="56" hits="0"></line>
            <line number="57" hits="0"></line>
            <line number="58" hits="0"></line>
            <line number="64" hits="0"></line>
            <line number="65" hits="0"></line>
            <line number="66" hits="0"></line>
            <line number="67" hits="0"></line>
            <line number="68" hits="0"></line>
            <line number="69" hits="0"></line>
            <line number="70" hits="0"></line>
            <line number="71" hits="0"></line>
            <line number="72" hits="0"></line>
            <line number="73" hits="0"></line>
            <line number="74" hits="0"></line>
            <line number="75" hits="0"></line>
            <line number="76" hits="0"></line>
            <line number="77" hits="0"></line>
            <line number="78" hits="0"></line>
            <line number="79" hits="0"></line>
            <line number="80" hits="0"></line>
            <line number="81" hits="0"></line>
            <line number="82" hits="0"></line>
            <line number="83" hits="0"></line>
            <line number="84" hits="0"></line>
            <line number="85" hits="0"></line>
            <line number="86" hits="0"></line>
            <line number="87" hits="0"></line>
            <line number="88" hits="0"></line>
            <line number="89" hits="0"></line>
            <line number="90" hits="0"></line>
            <line number="91" hits="0"></line>
            <line number="92" hits="0"></line>
            <line number="94" hits="0"></line>
            <line number="95" hits="0"></line>
            <line number="96" hits="0"></line>
            <line number="97" hits="0"></line>
            <line number="98" hits="0"></line>
            <line number="99" hits="0"></line>
            <line number="100" hits="0"></line>
            <line number="101" hits="0"></line>
            <line number="102" hits="0"></line>
            <line number="103" hits="0"></line>
            <line number="104" hits="0"></line>
            <line number="105" hits="0"></line>
            <line number="106" hits="0"></line>
            <line number="107" hits="0"></line>
            <line number="108" hits="0"></line>
            <line number="109" hits="0"></line>
            <line number="110" hits="0"></line>
            <line number="111" hits="0"></line>
            <line number="112" hits="0"></line>
            <line number="113" hits="0"></line>
            <line number="114" hits="0"></line>
            <line number="117" hits="1"></line>
            <line number="118" hits="1"></line>
            <line number="119" hits="1"></line>
            <line number="121" hits="0"></line>
            <line number="122" hits="0"></line>
            <line number="123" hits="0"></line>
            <line number="124" hits="0"></line>
            <line number="125" hits="0"></line>
            <line number="126" hits="0"></line>
            <line number="127" hits="0"></line>
            <line number="128" hits="0"></line>
            <line number="129" hits="0"></line>
            <line number="130" hits="0"></line>
            <line number="131" hits="0"></line>
            <line number="132" hits="0"></line>
            <line number="133" hits="0"></line>
            <line number="134" hits="0"></line>
            <line number="135" hits="0"></line>
            <line number="136" hits="0"></line>
            <line number="137" hits="0"></line>
            <line number="138" hits="0"></line>
            <line number="139" hits="0"></line>
            <line number="140" hits="0"></line>
            <line number="141" hits="0"></line>
            <line number="142" hits="0"></line>
            <line number="145" hits="0"></line>
            <line number="146" hits="0"></line>
            <line number="147" hits="0"></line>
            <line number="148" hits="0"></line>
            <line number="149" hits="0"></line>
            <line number="152" hits="0"></line>
            <line number="153" hits="0"></line>
            <line number="154" hits="0"></line>
            <line number="155" hits="0"></line>
            <line number="156" hits="0"></line>
            <line number="157" hits="0"></line>
            <line number="158" hits="0"></line>
            <line number="159" hits="0"></line>
            <line number="160" hits="0"></line>
            <line number="161" hits="0"></line>
            <line number="162" hits="0"></line>
            <line number="163" hits="0"></line>
            <line number="164" hits="0"></line>
            <line number="165" hits="0"></line>
            <line number="166" hits="0"></line>
            <line number="167" hits="0"></line>
            <line number="168" hits="0"></line>
          </lines>
        </class>
        <class name="-" filename="cmd/utils.go" line-rate="0.11111111" branch-rate="0" complexity="0">
          <methods>
            <method name="checkError" signature="" line-rate="0.25" branch-rate="0" complexity="0">
              <lines>
                <line number="22" hits="5"></line>
                <line number="23" hits="0"></line>
                <line number="24" hits="0"></line>
                <line number="25" hits="0"></line>
              </lines>
            </method>
            <method name="prettyPrint" signature="" line-rate="0" branch-rate="0" complexity="0">
              <lines>
                <line number="28" hits="0"></line>
                <line number="29" hits="0"></line>
                <line number="30" hits="0"></line>
                <line number="31" hits="0"></line>
                <line number="32" hits="0"></line>
              </lines>
            </method>
          </methods>
          <lines>
            <line number="22" hits="5"></line>
            <line number="23" hits="0"></line>
            <line number="24" hits="0"></line>
            <line number="25" hits="0"></line>
            <line number="28" hits="0"></line>
            <line number="29" hits="0"></line>
            <line number="30" hits="0"></line>
            <line number="31" hits="0"></line>
            <line number="32" hits="0"></line>
          </lines>
        </class>
      </classes>
    </package>
  </packages>
</coverage>
